[2021-12-27 09:10:24,721] {taskinstance.py:851} INFO - Dependencies all met for <TaskInstance: data_transform.connect_mongo_postgress 2021-12-27T09:08:02.778983+00:00 [queued]>
[2021-12-27 09:10:24,819] {taskinstance.py:851} INFO - Dependencies all met for <TaskInstance: data_transform.connect_mongo_postgress 2021-12-27T09:08:02.778983+00:00 [queued]>
[2021-12-27 09:10:24,820] {taskinstance.py:1042} INFO - 
--------------------------------------------------------------------------------
[2021-12-27 09:10:24,820] {taskinstance.py:1043} INFO - Starting attempt 1 of 1
[2021-12-27 09:10:24,821] {taskinstance.py:1044} INFO - 
--------------------------------------------------------------------------------
[2021-12-27 09:10:24,943] {taskinstance.py:1063} INFO - Executing <Task(PythonOperator): connect_mongo_postgress> on 2021-12-27T09:08:02.778983+00:00
[2021-12-27 09:10:24,966] {standard_task_runner.py:52} INFO - Started process 139 to run task
[2021-12-27 09:10:24,975] {standard_task_runner.py:76} INFO - Running: ['airflow', 'tasks', 'run', 'data_transform', 'connect_mongo_postgress', '2021-12-27T09:08:02.778983+00:00', '--job-id', '42', '--pool', 'default_pool', '--raw', '--subdir', 'DAGS_FOLDER/data_transform.py', '--cfg-path', '/tmp/tmphqyxrfs9', '--error-file', '/tmp/tmpeej9d5z1']
[2021-12-27 09:10:24,977] {standard_task_runner.py:77} INFO - Job 42: Subtask connect_mongo_postgress
[2021-12-27 09:10:25,473] {logging_mixin.py:104} INFO - Running <TaskInstance: data_transform.connect_mongo_postgress 2021-12-27T09:08:02.778983+00:00 [running]> on host 5bb2b5ffa55c
[2021-12-27 09:10:26,021] {taskinstance.py:1257} INFO - Exporting the following env vars:
AIRFLOW_CTX_DAG_OWNER=airflow
AIRFLOW_CTX_DAG_ID=data_transform
AIRFLOW_CTX_TASK_ID=connect_mongo_postgress
AIRFLOW_CTX_EXECUTION_DATE=2021-12-27T09:08:02.778983+00:00
AIRFLOW_CTX_DAG_RUN_ID=manual__2021-12-27T09:08:02.778983+00:00
[2021-12-27 09:10:33,233] {python.py:118} INFO - Done. Returned value was: Mongo Postgress Done
[2021-12-27 09:10:33,273] {taskinstance.py:1166} INFO - Marking task as SUCCESS. dag_id=data_transform, task_id=connect_mongo_postgress, execution_date=20211227T090802, start_date=20211227T091024, end_date=20211227T091033
[2021-12-27 09:10:33,429] {taskinstance.py:1220} INFO - 1 downstream tasks scheduled from follow-on schedule check
[2021-12-27 09:10:33,531] {local_task_job.py:146} INFO - Task exited with return code 0
