[2021-12-27 04:41:01,689] {taskinstance.py:851} INFO - Dependencies all met for <TaskInstance: data_transform.connect_minio 2021-12-27T04:40:54.157597+00:00 [queued]>
[2021-12-27 04:41:01,702] {taskinstance.py:851} INFO - Dependencies all met for <TaskInstance: data_transform.connect_minio 2021-12-27T04:40:54.157597+00:00 [queued]>
[2021-12-27 04:41:01,702] {taskinstance.py:1042} INFO - 
--------------------------------------------------------------------------------
[2021-12-27 04:41:01,703] {taskinstance.py:1043} INFO - Starting attempt 1 of 1
[2021-12-27 04:41:01,703] {taskinstance.py:1044} INFO - 
--------------------------------------------------------------------------------
[2021-12-27 04:41:01,718] {taskinstance.py:1063} INFO - Executing <Task(PythonOperator): connect_minio> on 2021-12-27T04:40:54.157597+00:00
[2021-12-27 04:41:01,724] {standard_task_runner.py:52} INFO - Started process 64 to run task
[2021-12-27 04:41:01,729] {standard_task_runner.py:76} INFO - Running: ['airflow', 'tasks', 'run', 'data_transform', 'connect_minio', '2021-12-27T04:40:54.157597+00:00', '--job-id', '7', '--pool', 'default_pool', '--raw', '--subdir', 'DAGS_FOLDER/data_transform.py', '--cfg-path', '/tmp/tmpjxv3xzap', '--error-file', '/tmp/tmpqx4t4q2j']
[2021-12-27 04:41:01,730] {standard_task_runner.py:77} INFO - Job 7: Subtask connect_minio
[2021-12-27 04:41:01,914] {logging_mixin.py:104} INFO - Running <TaskInstance: data_transform.connect_minio 2021-12-27T04:40:54.157597+00:00 [running]> on host 5bb2b5ffa55c
[2021-12-27 04:41:01,987] {taskinstance.py:1257} INFO - Exporting the following env vars:
AIRFLOW_CTX_DAG_OWNER=airflow
AIRFLOW_CTX_DAG_ID=data_transform
AIRFLOW_CTX_TASK_ID=connect_minio
AIRFLOW_CTX_EXECUTION_DATE=2021-12-27T04:40:54.157597+00:00
AIRFLOW_CTX_DAG_RUN_ID=manual__2021-12-27T04:40:54.157597+00:00
[2021-12-27 04:41:03,181] {logging_mixin.py:104} INFO - \60667c4c80a467001c362a86/bigram.txt None
[2021-12-27 04:41:03,291] {logging_mixin.py:104} INFO - \60667c4c80a467001c362a86/trigram.txt None
[2021-12-27 04:41:03,356] {logging_mixin.py:104} INFO - \60667c4c80a467001c362a86/unigram.txt None
[2021-12-27 04:41:03,415] {logging_mixin.py:104} INFO - \60667c5980a467001c362a87/bigram.txt None
[2021-12-27 04:41:03,473] {logging_mixin.py:104} INFO - \60667c5980a467001c362a87/trigram.txt None
[2021-12-27 04:41:03,498] {logging_mixin.py:104} INFO - \60667c5980a467001c362a87/unigram.txt None
[2021-12-27 04:41:03,523] {logging_mixin.py:104} INFO - \60667c6380a467001c362a88/bigram.txt None
[2021-12-27 04:41:03,545] {logging_mixin.py:104} INFO - \60667c6380a467001c362a88/trigram.txt None
[2021-12-27 04:41:03,573] {logging_mixin.py:104} INFO - \60667c6380a467001c362a88/unigram.txt None
[2021-12-27 04:41:03,610] {logging_mixin.py:104} INFO - \60667d1480a467001c362a95/bigram.txt None
[2021-12-27 04:41:03,643] {logging_mixin.py:104} INFO - \60667d1480a467001c362a95/trigram.txt None
[2021-12-27 04:41:03,671] {logging_mixin.py:104} INFO - \60667d1480a467001c362a95/unigram.txt None
[2021-12-27 04:41:03,706] {logging_mixin.py:104} INFO - \606759aed9c559001ce9b6cf/bigram.txt None
[2021-12-27 04:41:03,734] {logging_mixin.py:104} INFO - \606759aed9c559001ce9b6cf/trigram.txt None
[2021-12-27 04:41:03,761] {logging_mixin.py:104} INFO - \606759aed9c559001ce9b6cf/unigram.txt None
[2021-12-27 04:41:03,767] {python.py:118} INFO - Done. Returned value was: None
[2021-12-27 04:41:03,789] {taskinstance.py:1166} INFO - Marking task as SUCCESS. dag_id=data_transform, task_id=connect_minio, execution_date=20211227T044054, start_date=20211227T044101, end_date=20211227T044103
[2021-12-27 04:41:03,847] {taskinstance.py:1220} INFO - 1 downstream tasks scheduled from follow-on schedule check
[2021-12-27 04:41:03,874] {local_task_job.py:146} INFO - Task exited with return code 0
