[2021-12-28 02:39:56,542] {taskinstance.py:851} INFO - Dependencies all met for <TaskInstance: data_transform.connect_mongo_postgress 2021-12-28T02:39:52.730982+00:00 [queued]>
[2021-12-28 02:39:56,558] {taskinstance.py:851} INFO - Dependencies all met for <TaskInstance: data_transform.connect_mongo_postgress 2021-12-28T02:39:52.730982+00:00 [queued]>
[2021-12-28 02:39:56,559] {taskinstance.py:1042} INFO - 
--------------------------------------------------------------------------------
[2021-12-28 02:39:56,559] {taskinstance.py:1043} INFO - Starting attempt 1 of 1
[2021-12-28 02:39:56,560] {taskinstance.py:1044} INFO - 
--------------------------------------------------------------------------------
[2021-12-28 02:39:56,572] {taskinstance.py:1063} INFO - Executing <Task(PythonOperator): connect_mongo_postgress> on 2021-12-28T02:39:52.730982+00:00
[2021-12-28 02:39:56,576] {standard_task_runner.py:52} INFO - Started process 59 to run task
[2021-12-28 02:39:56,584] {standard_task_runner.py:76} INFO - Running: ['airflow', 'tasks', 'run', 'data_transform', 'connect_mongo_postgress', '2021-12-28T02:39:52.730982+00:00', '--job-id', '57', '--pool', 'default_pool', '--raw', '--subdir', 'DAGS_FOLDER/data_transform.py', '--cfg-path', '/tmp/tmpmiz1gecc', '--error-file', '/tmp/tmpr4v0bz18']
[2021-12-28 02:39:56,585] {standard_task_runner.py:77} INFO - Job 57: Subtask connect_mongo_postgress
[2021-12-28 02:39:56,709] {logging_mixin.py:104} INFO - Running <TaskInstance: data_transform.connect_mongo_postgress 2021-12-28T02:39:52.730982+00:00 [running]> on host 5bb2b5ffa55c
[2021-12-28 02:39:56,741] {taskinstance.py:1257} INFO - Exporting the following env vars:
AIRFLOW_CTX_DAG_OWNER=airflow
AIRFLOW_CTX_DAG_ID=data_transform
AIRFLOW_CTX_TASK_ID=connect_mongo_postgress
AIRFLOW_CTX_EXECUTION_DATE=2021-12-28T02:39:52.730982+00:00
AIRFLOW_CTX_DAG_RUN_ID=manual__2021-12-28T02:39:52.730982+00:00
[2021-12-28 02:39:58,141] {python.py:118} INFO - Done. Returned value was: Mongo Postgress Done
[2021-12-28 02:39:58,180] {taskinstance.py:1166} INFO - Marking task as SUCCESS. dag_id=data_transform, task_id=connect_mongo_postgress, execution_date=20211228T023952, start_date=20211228T023956, end_date=20211228T023958
[2021-12-28 02:39:58,217] {taskinstance.py:1220} INFO - 1 downstream tasks scheduled from follow-on schedule check
[2021-12-28 02:39:58,255] {local_task_job.py:146} INFO - Task exited with return code 0
