[2021-12-28 03:06:18,641] {taskinstance.py:851} INFO - Dependencies all met for <TaskInstance: data_transform.connect_mongo_postgress 2021-12-28T02:39:52.730982+00:00 [queued]>
[2021-12-28 03:06:18,689] {taskinstance.py:851} INFO - Dependencies all met for <TaskInstance: data_transform.connect_mongo_postgress 2021-12-28T02:39:52.730982+00:00 [queued]>
[2021-12-28 03:06:18,690] {taskinstance.py:1042} INFO - 
--------------------------------------------------------------------------------
[2021-12-28 03:06:18,691] {taskinstance.py:1043} INFO - Starting attempt 2 of 2
[2021-12-28 03:06:18,691] {taskinstance.py:1044} INFO - 
--------------------------------------------------------------------------------
[2021-12-28 03:06:18,705] {taskinstance.py:1063} INFO - Executing <Task(PythonOperator): connect_mongo_postgress> on 2021-12-28T02:39:52.730982+00:00
[2021-12-28 03:06:18,715] {standard_task_runner.py:52} INFO - Started process 69 to run task
[2021-12-28 03:06:18,741] {standard_task_runner.py:76} INFO - Running: ['airflow', 'tasks', 'run', 'data_transform', 'connect_mongo_postgress', '2021-12-28T02:39:52.730982+00:00', '--job-id', '59', '--pool', 'default_pool', '--raw', '--subdir', 'DAGS_FOLDER/data_transform.py', '--cfg-path', '/tmp/tmp6dxurny1', '--error-file', '/tmp/tmp4yshh2nt']
[2021-12-28 03:06:18,742] {standard_task_runner.py:77} INFO - Job 59: Subtask connect_mongo_postgress
[2021-12-28 03:06:18,809] {logging_mixin.py:104} INFO - Running <TaskInstance: data_transform.connect_mongo_postgress 2021-12-28T02:39:52.730982+00:00 [running]> on host 5bb2b5ffa55c
[2021-12-28 03:06:18,923] {taskinstance.py:1257} INFO - Exporting the following env vars:
AIRFLOW_CTX_DAG_OWNER=airflow
AIRFLOW_CTX_DAG_ID=data_transform
AIRFLOW_CTX_TASK_ID=connect_mongo_postgress
AIRFLOW_CTX_EXECUTION_DATE=2021-12-28T02:39:52.730982+00:00
AIRFLOW_CTX_DAG_RUN_ID=manual__2021-12-28T02:39:52.730982+00:00
[2021-12-28 03:06:23,814] {python.py:118} INFO - Done. Returned value was: Mongo Postgress Done
[2021-12-28 03:06:24,090] {taskinstance.py:1166} INFO - Marking task as SUCCESS. dag_id=data_transform, task_id=connect_mongo_postgress, execution_date=20211228T023952, start_date=20211228T030618, end_date=20211228T030624
[2021-12-28 03:06:52,217] {taskinstance.py:1220} INFO - 1 downstream tasks scheduled from follow-on schedule check
[2021-12-28 03:06:52,393] {local_task_job.py:146} INFO - Task exited with return code 0
