[2021-12-28 03:11:53,266] {taskinstance.py:851} INFO - Dependencies all met for <TaskInstance: data_transform.connect_minio 2021-12-28T03:11:46.903875+00:00 [queued]>
[2021-12-28 03:11:53,297] {taskinstance.py:851} INFO - Dependencies all met for <TaskInstance: data_transform.connect_minio 2021-12-28T03:11:46.903875+00:00 [queued]>
[2021-12-28 03:11:53,298] {taskinstance.py:1042} INFO - 
--------------------------------------------------------------------------------
[2021-12-28 03:11:53,299] {taskinstance.py:1043} INFO - Starting attempt 1 of 1
[2021-12-28 03:11:53,299] {taskinstance.py:1044} INFO - 
--------------------------------------------------------------------------------
[2021-12-28 03:11:53,317] {taskinstance.py:1063} INFO - Executing <Task(PythonOperator): connect_minio> on 2021-12-28T03:11:46.903875+00:00
[2021-12-28 03:11:53,327] {standard_task_runner.py:52} INFO - Started process 84 to run task
[2021-12-28 03:11:53,337] {standard_task_runner.py:76} INFO - Running: ['airflow', 'tasks', 'run', 'data_transform', 'connect_minio', '2021-12-28T03:11:46.903875+00:00', '--job-id', '62', '--pool', 'default_pool', '--raw', '--subdir', 'DAGS_FOLDER/data_transform.py', '--cfg-path', '/tmp/tmpcu5051sr', '--error-file', '/tmp/tmp8_dcci55']
[2021-12-28 03:11:53,338] {standard_task_runner.py:77} INFO - Job 62: Subtask connect_minio
[2021-12-28 03:11:53,412] {logging_mixin.py:104} INFO - Running <TaskInstance: data_transform.connect_minio 2021-12-28T03:11:46.903875+00:00 [running]> on host 5bb2b5ffa55c
[2021-12-28 03:11:53,475] {taskinstance.py:1257} INFO - Exporting the following env vars:
AIRFLOW_CTX_DAG_OWNER=airflow
AIRFLOW_CTX_DAG_ID=data_transform
AIRFLOW_CTX_TASK_ID=connect_minio
AIRFLOW_CTX_EXECUTION_DATE=2021-12-28T03:11:46.903875+00:00
AIRFLOW_CTX_DAG_RUN_ID=manual__2021-12-28T03:11:46.903875+00:00
[2021-12-28 03:11:54,046] {logging_mixin.py:104} INFO - \60667c4c80a467001c362a86/2021-12-28/bigram.txt None
[2021-12-28 03:11:54,073] {logging_mixin.py:104} INFO - \60667c4c80a467001c362a86/2021-12-28/trigram.txt None
[2021-12-28 03:11:54,099] {logging_mixin.py:104} INFO - \60667c4c80a467001c362a86/2021-12-28/unigram.txt None
[2021-12-28 03:11:54,120] {logging_mixin.py:104} INFO - \60667c5980a467001c362a87/2021-12-28/bigram.txt None
[2021-12-28 03:11:54,184] {logging_mixin.py:104} INFO - \60667c5980a467001c362a87/2021-12-28/trigram.txt None
[2021-12-28 03:11:54,215] {logging_mixin.py:104} INFO - \60667c5980a467001c362a87/2021-12-28/unigram.txt None
[2021-12-28 03:11:54,244] {logging_mixin.py:104} INFO - \60667c6380a467001c362a88/2021-12-28/bigram.txt None
[2021-12-28 03:11:54,272] {logging_mixin.py:104} INFO - \60667c6380a467001c362a88/2021-12-28/trigram.txt None
[2021-12-28 03:11:54,344] {logging_mixin.py:104} INFO - \60667c6380a467001c362a88/2021-12-28/unigram.txt None
[2021-12-28 03:11:54,377] {logging_mixin.py:104} INFO - \60667c9580a467001c362a8c/2021-12-28/bigram.txt None
[2021-12-28 03:11:54,418] {logging_mixin.py:104} INFO - \60667c9580a467001c362a8c/2021-12-28/trigram.txt None
[2021-12-28 03:11:54,445] {logging_mixin.py:104} INFO - \60667c9580a467001c362a8c/2021-12-28/unigram.txt None
[2021-12-28 03:11:54,493] {logging_mixin.py:104} INFO - \60667c9f80a467001c362a8d/2021-12-28/bigram.txt None
[2021-12-28 03:11:54,518] {logging_mixin.py:104} INFO - \60667c9f80a467001c362a8d/2021-12-28/trigram.txt None
[2021-12-28 03:11:54,561] {logging_mixin.py:104} INFO - \60667c9f80a467001c362a8d/2021-12-28/unigram.txt None
[2021-12-28 03:11:54,592] {logging_mixin.py:104} INFO - \60667cb180a467001c362a8e/2021-12-28/bigram.txt None
[2021-12-28 03:11:54,649] {logging_mixin.py:104} INFO - \60667cb180a467001c362a8e/2021-12-28/trigram.txt None
[2021-12-28 03:11:54,684] {logging_mixin.py:104} INFO - \60667cb180a467001c362a8e/2021-12-28/unigram.txt None
[2021-12-28 03:11:54,715] {logging_mixin.py:104} INFO - \60667cc380a467001c362a8f/2021-12-28/bigram.txt None
[2021-12-28 03:11:54,757] {logging_mixin.py:104} INFO - \60667cc380a467001c362a8f/2021-12-28/trigram.txt None
[2021-12-28 03:11:54,787] {logging_mixin.py:104} INFO - \60667cc380a467001c362a8f/2021-12-28/unigram.txt None
[2021-12-28 03:11:54,813] {logging_mixin.py:104} INFO - \60667cd680a467001c362a90/2021-12-28/bigram.txt None
[2021-12-28 03:11:54,842] {logging_mixin.py:104} INFO - \60667cd680a467001c362a90/2021-12-28/trigram.txt None
[2021-12-28 03:11:54,870] {logging_mixin.py:104} INFO - \60667cd680a467001c362a90/2021-12-28/unigram.txt None
[2021-12-28 03:11:54,982] {logging_mixin.py:104} INFO - \60667ce880a467001c362a91/2021-12-28/bigram.txt None
[2021-12-28 03:11:55,010] {logging_mixin.py:104} INFO - \60667ce880a467001c362a91/2021-12-28/trigram.txt None
[2021-12-28 03:11:55,035] {logging_mixin.py:104} INFO - \60667ce880a467001c362a91/2021-12-28/unigram.txt None
[2021-12-28 03:11:55,059] {logging_mixin.py:104} INFO - \60667cf380a467001c362a92/2021-12-28/bigram.txt None
[2021-12-28 03:11:55,082] {logging_mixin.py:104} INFO - \60667cf380a467001c362a92/2021-12-28/trigram.txt None
[2021-12-28 03:11:55,104] {logging_mixin.py:104} INFO - \60667cf380a467001c362a92/2021-12-28/unigram.txt None
[2021-12-28 03:11:55,126] {logging_mixin.py:104} INFO - \60667cfc80a467001c362a93/2021-12-28/bigram.txt None
[2021-12-28 03:11:55,149] {logging_mixin.py:104} INFO - \60667cfc80a467001c362a93/2021-12-28/trigram.txt None
[2021-12-28 03:11:55,175] {logging_mixin.py:104} INFO - \60667cfc80a467001c362a93/2021-12-28/unigram.txt None
[2021-12-28 03:11:55,203] {logging_mixin.py:104} INFO - \60667d0480a467001c362a94/2021-12-28/bigram.txt None
[2021-12-28 03:11:55,228] {logging_mixin.py:104} INFO - \60667d0480a467001c362a94/2021-12-28/trigram.txt None
[2021-12-28 03:11:55,253] {logging_mixin.py:104} INFO - \60667d0480a467001c362a94/2021-12-28/unigram.txt None
[2021-12-28 03:11:55,276] {logging_mixin.py:104} INFO - \60667d1480a467001c362a95/2021-12-28/bigram.txt None
[2021-12-28 03:11:55,344] {logging_mixin.py:104} INFO - \60667d1480a467001c362a95/2021-12-28/trigram.txt None
[2021-12-28 03:11:55,374] {logging_mixin.py:104} INFO - \60667d1480a467001c362a95/2021-12-28/unigram.txt None
[2021-12-28 03:11:55,402] {logging_mixin.py:104} INFO - \606759aed9c559001ce9b6cf/2021-12-28/bigram.txt None
[2021-12-28 03:11:55,426] {logging_mixin.py:104} INFO - \606759aed9c559001ce9b6cf/2021-12-28/trigram.txt None
[2021-12-28 03:11:55,451] {logging_mixin.py:104} INFO - \606759aed9c559001ce9b6cf/2021-12-28/unigram.txt None
[2021-12-28 03:11:55,456] {python.py:118} INFO - Done. Returned value was: None
[2021-12-28 03:11:55,475] {taskinstance.py:1166} INFO - Marking task as SUCCESS. dag_id=data_transform, task_id=connect_minio, execution_date=20211228T031146, start_date=20211228T031153, end_date=20211228T031155
[2021-12-28 03:11:55,554] {taskinstance.py:1220} INFO - 1 downstream tasks scheduled from follow-on schedule check
[2021-12-28 03:11:55,596] {local_task_job.py:146} INFO - Task exited with return code 0
