[2021-12-28 02:34:57,855] {scheduler_job.py:182} INFO - Started process (PID=31) to work on /opt/airflow/dags/survey.py
[2021-12-28 02:34:57,859] {scheduler_job.py:629} INFO - Processing file /opt/airflow/dags/survey.py for tasks to queue
[2021-12-28 02:34:57,862] {logging_mixin.py:104} INFO - [2021-12-28 02:34:57,861] {dagbag.py:448} INFO - Filling up the DagBag from /opt/airflow/dags/survey.py
[2021-12-28 02:34:59,116] {logging_mixin.py:104} WARNING - /home/airflow/.local/lib/python3.6/site-packages/airflow/utils/decorators.py:94 DeprecationWarning: provide_context is deprecated as of 2.0 and is no longer required
[2021-12-28 02:34:59,128] {scheduler_job.py:639} INFO - DAG(s) dict_keys(['survey']) retrieved from /opt/airflow/dags/survey.py
[2021-12-28 02:34:59,151] {logging_mixin.py:104} INFO - [2021-12-28 02:34:59,150] {dag.py:1818} INFO - Sync 1 DAGs
[2021-12-28 02:34:59,185] {logging_mixin.py:104} INFO - [2021-12-28 02:34:59,185] {dag.py:2273} INFO - Setting next_dagrun for survey to 2021-12-28 00:00:00+00:00
[2021-12-28 02:34:59,206] {scheduler_job.py:190} INFO - Processing /opt/airflow/dags/survey.py took 1.359 seconds
[2021-12-28 02:35:33,013] {scheduler_job.py:182} INFO - Started process (PID=38) to work on /opt/airflow/dags/survey.py
[2021-12-28 02:35:33,024] {scheduler_job.py:629} INFO - Processing file /opt/airflow/dags/survey.py for tasks to queue
[2021-12-28 02:35:33,169] {logging_mixin.py:104} INFO - [2021-12-28 02:35:33,169] {dagbag.py:448} INFO - Filling up the DagBag from /opt/airflow/dags/survey.py
[2021-12-28 02:35:39,410] {logging_mixin.py:104} WARNING - /home/airflow/.local/lib/python3.6/site-packages/airflow/utils/decorators.py:94 DeprecationWarning: provide_context is deprecated as of 2.0 and is no longer required
[2021-12-28 02:35:39,419] {scheduler_job.py:639} INFO - DAG(s) dict_keys(['survey']) retrieved from /opt/airflow/dags/survey.py
[2021-12-28 02:35:39,430] {logging_mixin.py:104} INFO - [2021-12-28 02:35:39,430] {dag.py:1818} INFO - Sync 1 DAGs
[2021-12-28 02:35:39,483] {logging_mixin.py:104} INFO - [2021-12-28 02:35:39,483] {dag.py:2273} INFO - Setting next_dagrun for survey to 2021-12-28 00:00:00+00:00
[2021-12-28 02:35:39,499] {scheduler_job.py:190} INFO - Processing /opt/airflow/dags/survey.py took 6.798 seconds
[2021-12-28 02:36:10,052] {scheduler_job.py:182} INFO - Started process (PID=40) to work on /opt/airflow/dags/survey.py
[2021-12-28 02:36:10,053] {scheduler_job.py:629} INFO - Processing file /opt/airflow/dags/survey.py for tasks to queue
[2021-12-28 02:36:10,054] {logging_mixin.py:104} INFO - [2021-12-28 02:36:10,054] {dagbag.py:448} INFO - Filling up the DagBag from /opt/airflow/dags/survey.py
[2021-12-28 02:36:10,516] {logging_mixin.py:104} WARNING - /home/airflow/.local/lib/python3.6/site-packages/airflow/utils/decorators.py:94 DeprecationWarning: provide_context is deprecated as of 2.0 and is no longer required
[2021-12-28 02:36:10,523] {scheduler_job.py:639} INFO - DAG(s) dict_keys(['survey']) retrieved from /opt/airflow/dags/survey.py
[2021-12-28 02:36:10,533] {logging_mixin.py:104} INFO - [2021-12-28 02:36:10,532] {dag.py:1818} INFO - Sync 1 DAGs
[2021-12-28 02:36:10,550] {logging_mixin.py:104} INFO - [2021-12-28 02:36:10,550] {dag.py:2273} INFO - Setting next_dagrun for survey to 2021-12-28 00:00:00+00:00
[2021-12-28 02:36:10,558] {scheduler_job.py:190} INFO - Processing /opt/airflow/dags/survey.py took 0.510 seconds
[2021-12-28 02:36:40,924] {scheduler_job.py:182} INFO - Started process (PID=42) to work on /opt/airflow/dags/survey.py
[2021-12-28 02:36:40,927] {scheduler_job.py:629} INFO - Processing file /opt/airflow/dags/survey.py for tasks to queue
[2021-12-28 02:36:40,928] {logging_mixin.py:104} INFO - [2021-12-28 02:36:40,928] {dagbag.py:448} INFO - Filling up the DagBag from /opt/airflow/dags/survey.py
[2021-12-28 02:36:42,161] {logging_mixin.py:104} WARNING - /home/airflow/.local/lib/python3.6/site-packages/airflow/utils/decorators.py:94 DeprecationWarning: provide_context is deprecated as of 2.0 and is no longer required
[2021-12-28 02:36:42,170] {scheduler_job.py:639} INFO - DAG(s) dict_keys(['survey']) retrieved from /opt/airflow/dags/survey.py
[2021-12-28 02:36:42,179] {logging_mixin.py:104} INFO - [2021-12-28 02:36:42,179] {dag.py:1818} INFO - Sync 1 DAGs
[2021-12-28 02:36:42,217] {logging_mixin.py:104} INFO - [2021-12-28 02:36:42,217] {dag.py:2273} INFO - Setting next_dagrun for survey to 2021-12-28 00:00:00+00:00
[2021-12-28 02:36:42,320] {scheduler_job.py:190} INFO - Processing /opt/airflow/dags/survey.py took 1.399 seconds
[2021-12-28 02:37:12,794] {scheduler_job.py:182} INFO - Started process (PID=44) to work on /opt/airflow/dags/survey.py
[2021-12-28 02:37:12,799] {scheduler_job.py:629} INFO - Processing file /opt/airflow/dags/survey.py for tasks to queue
[2021-12-28 02:37:12,803] {logging_mixin.py:104} INFO - [2021-12-28 02:37:12,802] {dagbag.py:448} INFO - Filling up the DagBag from /opt/airflow/dags/survey.py
[2021-12-28 02:37:14,199] {logging_mixin.py:104} WARNING - /home/airflow/.local/lib/python3.6/site-packages/airflow/utils/decorators.py:94 DeprecationWarning: provide_context is deprecated as of 2.0 and is no longer required
[2021-12-28 02:37:14,210] {scheduler_job.py:639} INFO - DAG(s) dict_keys(['survey']) retrieved from /opt/airflow/dags/survey.py
[2021-12-28 02:37:14,220] {logging_mixin.py:104} INFO - [2021-12-28 02:37:14,220] {dag.py:1818} INFO - Sync 1 DAGs
[2021-12-28 02:37:14,242] {logging_mixin.py:104} INFO - [2021-12-28 02:37:14,242] {dag.py:2273} INFO - Setting next_dagrun for survey to 2021-12-28 00:00:00+00:00
[2021-12-28 02:37:14,253] {scheduler_job.py:190} INFO - Processing /opt/airflow/dags/survey.py took 1.480 seconds
[2021-12-28 02:37:44,551] {scheduler_job.py:182} INFO - Started process (PID=46) to work on /opt/airflow/dags/survey.py
[2021-12-28 02:37:44,553] {scheduler_job.py:629} INFO - Processing file /opt/airflow/dags/survey.py for tasks to queue
[2021-12-28 02:37:44,555] {logging_mixin.py:104} INFO - [2021-12-28 02:37:44,555] {dagbag.py:448} INFO - Filling up the DagBag from /opt/airflow/dags/survey.py
[2021-12-28 02:37:45,481] {logging_mixin.py:104} WARNING - /home/airflow/.local/lib/python3.6/site-packages/airflow/utils/decorators.py:94 DeprecationWarning: provide_context is deprecated as of 2.0 and is no longer required
[2021-12-28 02:37:45,493] {scheduler_job.py:639} INFO - DAG(s) dict_keys(['survey']) retrieved from /opt/airflow/dags/survey.py
[2021-12-28 02:37:45,502] {logging_mixin.py:104} INFO - [2021-12-28 02:37:45,502] {dag.py:1818} INFO - Sync 1 DAGs
[2021-12-28 02:37:45,527] {logging_mixin.py:104} INFO - [2021-12-28 02:37:45,526] {dag.py:2273} INFO - Setting next_dagrun for survey to 2021-12-28 00:00:00+00:00
[2021-12-28 02:37:45,541] {scheduler_job.py:190} INFO - Processing /opt/airflow/dags/survey.py took 0.999 seconds
[2021-12-28 02:38:15,907] {scheduler_job.py:182} INFO - Started process (PID=48) to work on /opt/airflow/dags/survey.py
[2021-12-28 02:38:15,910] {scheduler_job.py:629} INFO - Processing file /opt/airflow/dags/survey.py for tasks to queue
[2021-12-28 02:38:15,912] {logging_mixin.py:104} INFO - [2021-12-28 02:38:15,911] {dagbag.py:448} INFO - Filling up the DagBag from /opt/airflow/dags/survey.py
[2021-12-28 02:38:16,578] {logging_mixin.py:104} WARNING - /home/airflow/.local/lib/python3.6/site-packages/airflow/utils/decorators.py:94 DeprecationWarning: provide_context is deprecated as of 2.0 and is no longer required
[2021-12-28 02:38:16,587] {scheduler_job.py:639} INFO - DAG(s) dict_keys(['survey']) retrieved from /opt/airflow/dags/survey.py
[2021-12-28 02:38:16,597] {logging_mixin.py:104} INFO - [2021-12-28 02:38:16,597] {dag.py:1818} INFO - Sync 1 DAGs
[2021-12-28 02:38:16,615] {logging_mixin.py:104} INFO - [2021-12-28 02:38:16,615] {dag.py:2273} INFO - Setting next_dagrun for survey to 2021-12-28 00:00:00+00:00
[2021-12-28 02:38:16,626] {scheduler_job.py:190} INFO - Processing /opt/airflow/dags/survey.py took 0.726 seconds
[2021-12-28 02:38:47,284] {scheduler_job.py:182} INFO - Started process (PID=50) to work on /opt/airflow/dags/survey.py
[2021-12-28 02:38:47,285] {scheduler_job.py:629} INFO - Processing file /opt/airflow/dags/survey.py for tasks to queue
[2021-12-28 02:38:47,286] {logging_mixin.py:104} INFO - [2021-12-28 02:38:47,286] {dagbag.py:448} INFO - Filling up the DagBag from /opt/airflow/dags/survey.py
[2021-12-28 02:38:47,772] {logging_mixin.py:104} WARNING - /home/airflow/.local/lib/python3.6/site-packages/airflow/utils/decorators.py:94 DeprecationWarning: provide_context is deprecated as of 2.0 and is no longer required
[2021-12-28 02:38:47,781] {scheduler_job.py:639} INFO - DAG(s) dict_keys(['survey']) retrieved from /opt/airflow/dags/survey.py
[2021-12-28 02:38:47,789] {logging_mixin.py:104} INFO - [2021-12-28 02:38:47,789] {dag.py:1818} INFO - Sync 1 DAGs
[2021-12-28 02:38:47,809] {logging_mixin.py:104} INFO - [2021-12-28 02:38:47,809] {dag.py:2273} INFO - Setting next_dagrun for survey to 2021-12-28 00:00:00+00:00
[2021-12-28 02:38:47,819] {scheduler_job.py:190} INFO - Processing /opt/airflow/dags/survey.py took 0.538 seconds
[2021-12-28 02:39:17,912] {scheduler_job.py:182} INFO - Started process (PID=52) to work on /opt/airflow/dags/survey.py
[2021-12-28 02:39:17,914] {scheduler_job.py:629} INFO - Processing file /opt/airflow/dags/survey.py for tasks to queue
[2021-12-28 02:39:17,915] {logging_mixin.py:104} INFO - [2021-12-28 02:39:17,915] {dagbag.py:448} INFO - Filling up the DagBag from /opt/airflow/dags/survey.py
[2021-12-28 02:39:18,566] {logging_mixin.py:104} WARNING - /home/airflow/.local/lib/python3.6/site-packages/airflow/utils/decorators.py:94 DeprecationWarning: provide_context is deprecated as of 2.0 and is no longer required
[2021-12-28 02:39:18,574] {scheduler_job.py:639} INFO - DAG(s) dict_keys(['survey']) retrieved from /opt/airflow/dags/survey.py
[2021-12-28 02:39:18,584] {logging_mixin.py:104} INFO - [2021-12-28 02:39:18,583] {dag.py:1818} INFO - Sync 1 DAGs
[2021-12-28 02:39:18,602] {logging_mixin.py:104} INFO - [2021-12-28 02:39:18,602] {dag.py:2273} INFO - Setting next_dagrun for survey to 2021-12-28 00:00:00+00:00
[2021-12-28 02:39:18,613] {scheduler_job.py:190} INFO - Processing /opt/airflow/dags/survey.py took 0.709 seconds
[2021-12-28 02:39:48,726] {scheduler_job.py:182} INFO - Started process (PID=54) to work on /opt/airflow/dags/survey.py
[2021-12-28 02:39:48,727] {scheduler_job.py:629} INFO - Processing file /opt/airflow/dags/survey.py for tasks to queue
[2021-12-28 02:39:48,728] {logging_mixin.py:104} INFO - [2021-12-28 02:39:48,728] {dagbag.py:448} INFO - Filling up the DagBag from /opt/airflow/dags/survey.py
[2021-12-28 02:39:49,192] {logging_mixin.py:104} WARNING - /home/airflow/.local/lib/python3.6/site-packages/airflow/utils/decorators.py:94 DeprecationWarning: provide_context is deprecated as of 2.0 and is no longer required
[2021-12-28 02:39:49,207] {scheduler_job.py:639} INFO - DAG(s) dict_keys(['survey']) retrieved from /opt/airflow/dags/survey.py
[2021-12-28 02:39:49,226] {logging_mixin.py:104} INFO - [2021-12-28 02:39:49,226] {dag.py:1818} INFO - Sync 1 DAGs
[2021-12-28 02:39:49,260] {logging_mixin.py:104} INFO - [2021-12-28 02:39:49,259] {dag.py:2273} INFO - Setting next_dagrun for survey to 2021-12-28 00:00:00+00:00
[2021-12-28 02:39:49,270] {scheduler_job.py:190} INFO - Processing /opt/airflow/dags/survey.py took 0.548 seconds
[2021-12-28 02:40:19,363] {scheduler_job.py:182} INFO - Started process (PID=56) to work on /opt/airflow/dags/survey.py
[2021-12-28 02:40:19,364] {scheduler_job.py:629} INFO - Processing file /opt/airflow/dags/survey.py for tasks to queue
[2021-12-28 02:40:19,365] {logging_mixin.py:104} INFO - [2021-12-28 02:40:19,365] {dagbag.py:448} INFO - Filling up the DagBag from /opt/airflow/dags/survey.py
[2021-12-28 02:40:19,904] {logging_mixin.py:104} WARNING - /home/airflow/.local/lib/python3.6/site-packages/airflow/utils/decorators.py:94 DeprecationWarning: provide_context is deprecated as of 2.0 and is no longer required
[2021-12-28 02:40:19,912] {scheduler_job.py:639} INFO - DAG(s) dict_keys(['survey']) retrieved from /opt/airflow/dags/survey.py
[2021-12-28 02:40:19,920] {logging_mixin.py:104} INFO - [2021-12-28 02:40:19,920] {dag.py:1818} INFO - Sync 1 DAGs
[2021-12-28 02:40:19,937] {logging_mixin.py:104} INFO - [2021-12-28 02:40:19,936] {dag.py:2273} INFO - Setting next_dagrun for survey to 2021-12-28 00:00:00+00:00
[2021-12-28 02:40:19,945] {scheduler_job.py:190} INFO - Processing /opt/airflow/dags/survey.py took 0.584 seconds
[2021-12-28 02:40:50,014] {scheduler_job.py:182} INFO - Started process (PID=58) to work on /opt/airflow/dags/survey.py
[2021-12-28 02:40:50,016] {scheduler_job.py:629} INFO - Processing file /opt/airflow/dags/survey.py for tasks to queue
[2021-12-28 02:40:50,016] {logging_mixin.py:104} INFO - [2021-12-28 02:40:50,016] {dagbag.py:448} INFO - Filling up the DagBag from /opt/airflow/dags/survey.py
[2021-12-28 02:40:50,487] {logging_mixin.py:104} WARNING - /home/airflow/.local/lib/python3.6/site-packages/airflow/utils/decorators.py:94 DeprecationWarning: provide_context is deprecated as of 2.0 and is no longer required
[2021-12-28 02:40:50,498] {scheduler_job.py:639} INFO - DAG(s) dict_keys(['survey']) retrieved from /opt/airflow/dags/survey.py
[2021-12-28 02:40:50,508] {logging_mixin.py:104} INFO - [2021-12-28 02:40:50,507] {dag.py:1818} INFO - Sync 1 DAGs
[2021-12-28 02:40:50,529] {logging_mixin.py:104} INFO - [2021-12-28 02:40:50,528] {dag.py:2273} INFO - Setting next_dagrun for survey to 2021-12-28 00:00:00+00:00
[2021-12-28 02:40:50,537] {scheduler_job.py:190} INFO - Processing /opt/airflow/dags/survey.py took 0.526 seconds
[2021-12-28 02:41:20,885] {scheduler_job.py:182} INFO - Started process (PID=60) to work on /opt/airflow/dags/survey.py
[2021-12-28 02:41:20,887] {scheduler_job.py:629} INFO - Processing file /opt/airflow/dags/survey.py for tasks to queue
[2021-12-28 02:41:20,889] {logging_mixin.py:104} INFO - [2021-12-28 02:41:20,889] {dagbag.py:448} INFO - Filling up the DagBag from /opt/airflow/dags/survey.py
[2021-12-28 02:41:21,323] {logging_mixin.py:104} WARNING - /home/airflow/.local/lib/python3.6/site-packages/airflow/utils/decorators.py:94 DeprecationWarning: provide_context is deprecated as of 2.0 and is no longer required
[2021-12-28 02:41:21,332] {scheduler_job.py:639} INFO - DAG(s) dict_keys(['survey']) retrieved from /opt/airflow/dags/survey.py
[2021-12-28 02:41:21,340] {logging_mixin.py:104} INFO - [2021-12-28 02:41:21,340] {dag.py:1818} INFO - Sync 1 DAGs
[2021-12-28 02:41:21,356] {logging_mixin.py:104} INFO - [2021-12-28 02:41:21,356] {dag.py:2273} INFO - Setting next_dagrun for survey to 2021-12-28 00:00:00+00:00
[2021-12-28 02:41:21,364] {scheduler_job.py:190} INFO - Processing /opt/airflow/dags/survey.py took 0.484 seconds
[2021-12-28 02:41:51,473] {scheduler_job.py:182} INFO - Started process (PID=62) to work on /opt/airflow/dags/survey.py
[2021-12-28 02:41:51,474] {scheduler_job.py:629} INFO - Processing file /opt/airflow/dags/survey.py for tasks to queue
[2021-12-28 02:41:51,475] {logging_mixin.py:104} INFO - [2021-12-28 02:41:51,475] {dagbag.py:448} INFO - Filling up the DagBag from /opt/airflow/dags/survey.py
[2021-12-28 02:41:52,019] {logging_mixin.py:104} WARNING - /home/airflow/.local/lib/python3.6/site-packages/airflow/utils/decorators.py:94 DeprecationWarning: provide_context is deprecated as of 2.0 and is no longer required
[2021-12-28 02:41:52,027] {scheduler_job.py:639} INFO - DAG(s) dict_keys(['survey']) retrieved from /opt/airflow/dags/survey.py
[2021-12-28 02:41:52,036] {logging_mixin.py:104} INFO - [2021-12-28 02:41:52,036] {dag.py:1818} INFO - Sync 1 DAGs
[2021-12-28 02:41:52,054] {logging_mixin.py:104} INFO - [2021-12-28 02:41:52,054] {dag.py:2273} INFO - Setting next_dagrun for survey to 2021-12-28 00:00:00+00:00
[2021-12-28 02:41:52,063] {scheduler_job.py:190} INFO - Processing /opt/airflow/dags/survey.py took 0.594 seconds
[2021-12-28 02:42:22,150] {scheduler_job.py:182} INFO - Started process (PID=64) to work on /opt/airflow/dags/survey.py
[2021-12-28 02:42:22,152] {scheduler_job.py:629} INFO - Processing file /opt/airflow/dags/survey.py for tasks to queue
[2021-12-28 02:42:22,153] {logging_mixin.py:104} INFO - [2021-12-28 02:42:22,152] {dagbag.py:448} INFO - Filling up the DagBag from /opt/airflow/dags/survey.py
[2021-12-28 02:42:22,711] {logging_mixin.py:104} WARNING - /home/airflow/.local/lib/python3.6/site-packages/airflow/utils/decorators.py:94 DeprecationWarning: provide_context is deprecated as of 2.0 and is no longer required
[2021-12-28 02:42:22,724] {scheduler_job.py:639} INFO - DAG(s) dict_keys(['survey']) retrieved from /opt/airflow/dags/survey.py
[2021-12-28 02:42:22,736] {logging_mixin.py:104} INFO - [2021-12-28 02:42:22,736] {dag.py:1818} INFO - Sync 1 DAGs
[2021-12-28 02:42:22,765] {logging_mixin.py:104} INFO - [2021-12-28 02:42:22,765] {dag.py:2273} INFO - Setting next_dagrun for survey to 2021-12-28 00:00:00+00:00
[2021-12-28 02:42:22,773] {scheduler_job.py:190} INFO - Processing /opt/airflow/dags/survey.py took 0.626 seconds
[2021-12-28 02:42:53,245] {scheduler_job.py:182} INFO - Started process (PID=66) to work on /opt/airflow/dags/survey.py
[2021-12-28 02:42:53,246] {scheduler_job.py:629} INFO - Processing file /opt/airflow/dags/survey.py for tasks to queue
[2021-12-28 02:42:53,247] {logging_mixin.py:104} INFO - [2021-12-28 02:42:53,247] {dagbag.py:448} INFO - Filling up the DagBag from /opt/airflow/dags/survey.py
[2021-12-28 02:42:53,842] {logging_mixin.py:104} WARNING - /home/airflow/.local/lib/python3.6/site-packages/airflow/utils/decorators.py:94 DeprecationWarning: provide_context is deprecated as of 2.0 and is no longer required
[2021-12-28 02:42:53,854] {scheduler_job.py:639} INFO - DAG(s) dict_keys(['survey']) retrieved from /opt/airflow/dags/survey.py
[2021-12-28 02:42:53,876] {logging_mixin.py:104} INFO - [2021-12-28 02:42:53,876] {dag.py:1818} INFO - Sync 1 DAGs
[2021-12-28 02:42:53,924] {logging_mixin.py:104} INFO - [2021-12-28 02:42:53,923] {dag.py:2273} INFO - Setting next_dagrun for survey to 2021-12-28 00:00:00+00:00
[2021-12-28 02:42:53,940] {scheduler_job.py:190} INFO - Processing /opt/airflow/dags/survey.py took 0.700 seconds
[2021-12-28 02:43:25,156] {scheduler_job.py:182} INFO - Started process (PID=68) to work on /opt/airflow/dags/survey.py
[2021-12-28 02:43:25,159] {scheduler_job.py:629} INFO - Processing file /opt/airflow/dags/survey.py for tasks to queue
[2021-12-28 02:43:25,161] {logging_mixin.py:104} INFO - [2021-12-28 02:43:25,160] {dagbag.py:448} INFO - Filling up the DagBag from /opt/airflow/dags/survey.py
[2021-12-28 02:43:27,912] {logging_mixin.py:104} WARNING - /home/airflow/.local/lib/python3.6/site-packages/airflow/utils/decorators.py:94 DeprecationWarning: provide_context is deprecated as of 2.0 and is no longer required
[2021-12-28 02:43:28,286] {scheduler_job.py:639} INFO - DAG(s) dict_keys(['survey']) retrieved from /opt/airflow/dags/survey.py
[2021-12-28 02:43:28,353] {logging_mixin.py:104} INFO - [2021-12-28 02:43:28,353] {dag.py:1818} INFO - Sync 1 DAGs
[2021-12-28 02:43:28,436] {logging_mixin.py:104} INFO - [2021-12-28 02:43:28,435] {dag.py:2273} INFO - Setting next_dagrun for survey to 2021-12-28 00:00:00+00:00
[2021-12-28 02:43:28,537] {scheduler_job.py:190} INFO - Processing /opt/airflow/dags/survey.py took 3.384 seconds
[2021-12-28 02:43:59,752] {scheduler_job.py:182} INFO - Started process (PID=70) to work on /opt/airflow/dags/survey.py
[2021-12-28 02:43:59,769] {scheduler_job.py:629} INFO - Processing file /opt/airflow/dags/survey.py for tasks to queue
[2021-12-28 02:43:59,781] {logging_mixin.py:104} INFO - [2021-12-28 02:43:59,780] {dagbag.py:448} INFO - Filling up the DagBag from /opt/airflow/dags/survey.py
[2021-12-28 02:44:01,993] {logging_mixin.py:104} WARNING - /home/airflow/.local/lib/python3.6/site-packages/airflow/utils/decorators.py:94 DeprecationWarning: provide_context is deprecated as of 2.0 and is no longer required
[2021-12-28 02:44:02,162] {scheduler_job.py:639} INFO - DAG(s) dict_keys(['survey']) retrieved from /opt/airflow/dags/survey.py
[2021-12-28 02:44:02,187] {logging_mixin.py:104} INFO - [2021-12-28 02:44:02,187] {dag.py:1818} INFO - Sync 1 DAGs
[2021-12-28 02:44:02,222] {logging_mixin.py:104} INFO - [2021-12-28 02:44:02,222] {dag.py:2273} INFO - Setting next_dagrun for survey to 2021-12-28 00:00:00+00:00
[2021-12-28 02:44:02,380] {scheduler_job.py:190} INFO - Processing /opt/airflow/dags/survey.py took 2.638 seconds
[2021-12-28 02:44:32,991] {scheduler_job.py:182} INFO - Started process (PID=72) to work on /opt/airflow/dags/survey.py
[2021-12-28 02:44:32,992] {scheduler_job.py:629} INFO - Processing file /opt/airflow/dags/survey.py for tasks to queue
[2021-12-28 02:44:32,993] {logging_mixin.py:104} INFO - [2021-12-28 02:44:32,993] {dagbag.py:448} INFO - Filling up the DagBag from /opt/airflow/dags/survey.py
[2021-12-28 02:44:33,407] {logging_mixin.py:104} WARNING - /home/airflow/.local/lib/python3.6/site-packages/airflow/utils/decorators.py:94 DeprecationWarning: provide_context is deprecated as of 2.0 and is no longer required
[2021-12-28 02:44:33,415] {scheduler_job.py:639} INFO - DAG(s) dict_keys(['survey']) retrieved from /opt/airflow/dags/survey.py
[2021-12-28 02:44:33,423] {logging_mixin.py:104} INFO - [2021-12-28 02:44:33,423] {dag.py:1818} INFO - Sync 1 DAGs
[2021-12-28 02:44:33,441] {logging_mixin.py:104} INFO - [2021-12-28 02:44:33,441] {dag.py:2273} INFO - Setting next_dagrun for survey to 2021-12-28 00:00:00+00:00
[2021-12-28 02:44:33,452] {scheduler_job.py:190} INFO - Processing /opt/airflow/dags/survey.py took 0.464 seconds
[2021-12-28 02:45:03,610] {scheduler_job.py:182} INFO - Started process (PID=74) to work on /opt/airflow/dags/survey.py
[2021-12-28 02:45:03,612] {scheduler_job.py:629} INFO - Processing file /opt/airflow/dags/survey.py for tasks to queue
[2021-12-28 02:45:03,613] {logging_mixin.py:104} INFO - [2021-12-28 02:45:03,613] {dagbag.py:448} INFO - Filling up the DagBag from /opt/airflow/dags/survey.py
[2021-12-28 02:45:03,990] {logging_mixin.py:104} WARNING - /home/airflow/.local/lib/python3.6/site-packages/airflow/utils/decorators.py:94 DeprecationWarning: provide_context is deprecated as of 2.0 and is no longer required
[2021-12-28 02:45:04,000] {scheduler_job.py:639} INFO - DAG(s) dict_keys(['survey']) retrieved from /opt/airflow/dags/survey.py
[2021-12-28 02:45:04,009] {logging_mixin.py:104} INFO - [2021-12-28 02:45:04,009] {dag.py:1818} INFO - Sync 1 DAGs
[2021-12-28 02:45:04,024] {logging_mixin.py:104} INFO - [2021-12-28 02:45:04,024] {dag.py:2273} INFO - Setting next_dagrun for survey to 2021-12-28 00:00:00+00:00
[2021-12-28 02:45:04,033] {scheduler_job.py:190} INFO - Processing /opt/airflow/dags/survey.py took 0.425 seconds
[2021-12-28 02:45:34,795] {scheduler_job.py:182} INFO - Started process (PID=76) to work on /opt/airflow/dags/survey.py
[2021-12-28 02:45:34,797] {scheduler_job.py:629} INFO - Processing file /opt/airflow/dags/survey.py for tasks to queue
[2021-12-28 02:45:34,797] {logging_mixin.py:104} INFO - [2021-12-28 02:45:34,797] {dagbag.py:448} INFO - Filling up the DagBag from /opt/airflow/dags/survey.py
[2021-12-28 02:45:35,191] {logging_mixin.py:104} WARNING - /home/airflow/.local/lib/python3.6/site-packages/airflow/utils/decorators.py:94 DeprecationWarning: provide_context is deprecated as of 2.0 and is no longer required
[2021-12-28 02:45:35,199] {scheduler_job.py:639} INFO - DAG(s) dict_keys(['survey']) retrieved from /opt/airflow/dags/survey.py
[2021-12-28 02:45:35,207] {logging_mixin.py:104} INFO - [2021-12-28 02:45:35,207] {dag.py:1818} INFO - Sync 1 DAGs
[2021-12-28 02:45:35,223] {logging_mixin.py:104} INFO - [2021-12-28 02:45:35,222] {dag.py:2273} INFO - Setting next_dagrun for survey to 2021-12-28 00:00:00+00:00
[2021-12-28 02:45:35,231] {scheduler_job.py:190} INFO - Processing /opt/airflow/dags/survey.py took 0.439 seconds
[2021-12-28 02:46:05,339] {scheduler_job.py:182} INFO - Started process (PID=78) to work on /opt/airflow/dags/survey.py
[2021-12-28 02:46:05,341] {scheduler_job.py:629} INFO - Processing file /opt/airflow/dags/survey.py for tasks to queue
[2021-12-28 02:46:05,343] {logging_mixin.py:104} INFO - [2021-12-28 02:46:05,343] {dagbag.py:448} INFO - Filling up the DagBag from /opt/airflow/dags/survey.py
[2021-12-28 02:46:06,501] {logging_mixin.py:104} WARNING - /home/airflow/.local/lib/python3.6/site-packages/airflow/utils/decorators.py:94 DeprecationWarning: provide_context is deprecated as of 2.0 and is no longer required
[2021-12-28 02:46:06,516] {scheduler_job.py:639} INFO - DAG(s) dict_keys(['survey']) retrieved from /opt/airflow/dags/survey.py
[2021-12-28 02:46:06,535] {logging_mixin.py:104} INFO - [2021-12-28 02:46:06,535] {dag.py:1818} INFO - Sync 1 DAGs
[2021-12-28 02:46:06,580] {logging_mixin.py:104} INFO - [2021-12-28 02:46:06,580] {dag.py:2273} INFO - Setting next_dagrun for survey to 2021-12-28 00:00:00+00:00
[2021-12-28 02:46:06,696] {scheduler_job.py:190} INFO - Processing /opt/airflow/dags/survey.py took 1.364 seconds
[2021-12-28 02:46:37,431] {scheduler_job.py:182} INFO - Started process (PID=80) to work on /opt/airflow/dags/survey.py
[2021-12-28 02:46:37,433] {scheduler_job.py:629} INFO - Processing file /opt/airflow/dags/survey.py for tasks to queue
[2021-12-28 02:46:37,433] {logging_mixin.py:104} INFO - [2021-12-28 02:46:37,433] {dagbag.py:448} INFO - Filling up the DagBag from /opt/airflow/dags/survey.py
[2021-12-28 02:46:37,894] {logging_mixin.py:104} WARNING - /home/airflow/.local/lib/python3.6/site-packages/airflow/utils/decorators.py:94 DeprecationWarning: provide_context is deprecated as of 2.0 and is no longer required
[2021-12-28 02:46:37,903] {scheduler_job.py:639} INFO - DAG(s) dict_keys(['survey']) retrieved from /opt/airflow/dags/survey.py
[2021-12-28 02:46:37,911] {logging_mixin.py:104} INFO - [2021-12-28 02:46:37,911] {dag.py:1818} INFO - Sync 1 DAGs
[2021-12-28 02:46:37,927] {logging_mixin.py:104} INFO - [2021-12-28 02:46:37,927] {dag.py:2273} INFO - Setting next_dagrun for survey to 2021-12-28 00:00:00+00:00
[2021-12-28 02:46:37,937] {scheduler_job.py:190} INFO - Processing /opt/airflow/dags/survey.py took 0.508 seconds
[2021-12-28 02:47:08,531] {scheduler_job.py:182} INFO - Started process (PID=82) to work on /opt/airflow/dags/survey.py
[2021-12-28 02:47:08,532] {scheduler_job.py:629} INFO - Processing file /opt/airflow/dags/survey.py for tasks to queue
[2021-12-28 02:47:08,532] {logging_mixin.py:104} INFO - [2021-12-28 02:47:08,532] {dagbag.py:448} INFO - Filling up the DagBag from /opt/airflow/dags/survey.py
[2021-12-28 02:47:08,928] {logging_mixin.py:104} WARNING - /home/airflow/.local/lib/python3.6/site-packages/airflow/utils/decorators.py:94 DeprecationWarning: provide_context is deprecated as of 2.0 and is no longer required
[2021-12-28 02:47:08,936] {scheduler_job.py:639} INFO - DAG(s) dict_keys(['survey']) retrieved from /opt/airflow/dags/survey.py
[2021-12-28 02:47:08,944] {logging_mixin.py:104} INFO - [2021-12-28 02:47:08,944] {dag.py:1818} INFO - Sync 1 DAGs
[2021-12-28 02:47:08,961] {logging_mixin.py:104} INFO - [2021-12-28 02:47:08,961] {dag.py:2273} INFO - Setting next_dagrun for survey to 2021-12-28 00:00:00+00:00
[2021-12-28 02:47:08,970] {scheduler_job.py:190} INFO - Processing /opt/airflow/dags/survey.py took 0.442 seconds
[2021-12-28 02:47:39,044] {scheduler_job.py:182} INFO - Started process (PID=84) to work on /opt/airflow/dags/survey.py
[2021-12-28 02:47:39,046] {scheduler_job.py:629} INFO - Processing file /opt/airflow/dags/survey.py for tasks to queue
[2021-12-28 02:47:39,047] {logging_mixin.py:104} INFO - [2021-12-28 02:47:39,047] {dagbag.py:448} INFO - Filling up the DagBag from /opt/airflow/dags/survey.py
[2021-12-28 02:47:39,454] {logging_mixin.py:104} WARNING - /home/airflow/.local/lib/python3.6/site-packages/airflow/utils/decorators.py:94 DeprecationWarning: provide_context is deprecated as of 2.0 and is no longer required
[2021-12-28 02:47:39,462] {scheduler_job.py:639} INFO - DAG(s) dict_keys(['survey']) retrieved from /opt/airflow/dags/survey.py
[2021-12-28 02:47:39,470] {logging_mixin.py:104} INFO - [2021-12-28 02:47:39,470] {dag.py:1818} INFO - Sync 1 DAGs
[2021-12-28 02:47:39,486] {logging_mixin.py:104} INFO - [2021-12-28 02:47:39,486] {dag.py:2273} INFO - Setting next_dagrun for survey to 2021-12-28 00:00:00+00:00
[2021-12-28 02:47:39,494] {scheduler_job.py:190} INFO - Processing /opt/airflow/dags/survey.py took 0.454 seconds
[2021-12-28 02:48:09,565] {scheduler_job.py:182} INFO - Started process (PID=86) to work on /opt/airflow/dags/survey.py
[2021-12-28 02:48:09,566] {scheduler_job.py:629} INFO - Processing file /opt/airflow/dags/survey.py for tasks to queue
[2021-12-28 02:48:09,567] {logging_mixin.py:104} INFO - [2021-12-28 02:48:09,567] {dagbag.py:448} INFO - Filling up the DagBag from /opt/airflow/dags/survey.py
[2021-12-28 02:48:09,970] {logging_mixin.py:104} WARNING - /home/airflow/.local/lib/python3.6/site-packages/airflow/utils/decorators.py:94 DeprecationWarning: provide_context is deprecated as of 2.0 and is no longer required
[2021-12-28 02:48:09,981] {scheduler_job.py:639} INFO - DAG(s) dict_keys(['survey']) retrieved from /opt/airflow/dags/survey.py
[2021-12-28 02:48:09,991] {logging_mixin.py:104} INFO - [2021-12-28 02:48:09,991] {dag.py:1818} INFO - Sync 1 DAGs
[2021-12-28 02:48:10,013] {logging_mixin.py:104} INFO - [2021-12-28 02:48:10,013] {dag.py:2273} INFO - Setting next_dagrun for survey to 2021-12-28 00:00:00+00:00
[2021-12-28 02:48:10,021] {scheduler_job.py:190} INFO - Processing /opt/airflow/dags/survey.py took 0.459 seconds
[2021-12-28 02:48:40,389] {scheduler_job.py:182} INFO - Started process (PID=88) to work on /opt/airflow/dags/survey.py
[2021-12-28 02:48:40,390] {scheduler_job.py:629} INFO - Processing file /opt/airflow/dags/survey.py for tasks to queue
[2021-12-28 02:48:40,391] {logging_mixin.py:104} INFO - [2021-12-28 02:48:40,391] {dagbag.py:448} INFO - Filling up the DagBag from /opt/airflow/dags/survey.py
[2021-12-28 02:48:40,778] {logging_mixin.py:104} WARNING - /home/airflow/.local/lib/python3.6/site-packages/airflow/utils/decorators.py:94 DeprecationWarning: provide_context is deprecated as of 2.0 and is no longer required
[2021-12-28 02:48:40,786] {scheduler_job.py:639} INFO - DAG(s) dict_keys(['survey']) retrieved from /opt/airflow/dags/survey.py
[2021-12-28 02:48:40,794] {logging_mixin.py:104} INFO - [2021-12-28 02:48:40,794] {dag.py:1818} INFO - Sync 1 DAGs
[2021-12-28 02:48:40,811] {logging_mixin.py:104} INFO - [2021-12-28 02:48:40,811] {dag.py:2273} INFO - Setting next_dagrun for survey to 2021-12-28 00:00:00+00:00
[2021-12-28 02:48:40,817] {scheduler_job.py:190} INFO - Processing /opt/airflow/dags/survey.py took 0.431 seconds
[2021-12-28 02:49:11,551] {scheduler_job.py:182} INFO - Started process (PID=90) to work on /opt/airflow/dags/survey.py
[2021-12-28 02:49:11,552] {scheduler_job.py:629} INFO - Processing file /opt/airflow/dags/survey.py for tasks to queue
[2021-12-28 02:49:11,553] {logging_mixin.py:104} INFO - [2021-12-28 02:49:11,553] {dagbag.py:448} INFO - Filling up the DagBag from /opt/airflow/dags/survey.py
[2021-12-28 02:49:12,084] {logging_mixin.py:104} WARNING - /home/airflow/.local/lib/python3.6/site-packages/airflow/utils/decorators.py:94 DeprecationWarning: provide_context is deprecated as of 2.0 and is no longer required
[2021-12-28 02:49:12,092] {scheduler_job.py:639} INFO - DAG(s) dict_keys(['survey']) retrieved from /opt/airflow/dags/survey.py
[2021-12-28 02:49:12,101] {logging_mixin.py:104} INFO - [2021-12-28 02:49:12,101] {dag.py:1818} INFO - Sync 1 DAGs
[2021-12-28 02:49:12,117] {logging_mixin.py:104} INFO - [2021-12-28 02:49:12,117] {dag.py:2273} INFO - Setting next_dagrun for survey to 2021-12-28 00:00:00+00:00
[2021-12-28 02:49:12,130] {scheduler_job.py:190} INFO - Processing /opt/airflow/dags/survey.py took 0.583 seconds
[2021-12-28 02:49:43,266] {scheduler_job.py:182} INFO - Started process (PID=92) to work on /opt/airflow/dags/survey.py
[2021-12-28 02:49:43,268] {scheduler_job.py:629} INFO - Processing file /opt/airflow/dags/survey.py for tasks to queue
[2021-12-28 02:49:43,269] {logging_mixin.py:104} INFO - [2021-12-28 02:49:43,269] {dagbag.py:448} INFO - Filling up the DagBag from /opt/airflow/dags/survey.py
[2021-12-28 02:49:44,132] {logging_mixin.py:104} WARNING - /home/airflow/.local/lib/python3.6/site-packages/airflow/utils/decorators.py:94 DeprecationWarning: provide_context is deprecated as of 2.0 and is no longer required
[2021-12-28 02:49:44,150] {scheduler_job.py:639} INFO - DAG(s) dict_keys(['survey']) retrieved from /opt/airflow/dags/survey.py
[2021-12-28 02:49:44,168] {logging_mixin.py:104} INFO - [2021-12-28 02:49:44,168] {dag.py:1818} INFO - Sync 1 DAGs
[2021-12-28 02:49:44,205] {logging_mixin.py:104} INFO - [2021-12-28 02:49:44,205] {dag.py:2273} INFO - Setting next_dagrun for survey to 2021-12-28 00:00:00+00:00
[2021-12-28 02:49:44,220] {scheduler_job.py:190} INFO - Processing /opt/airflow/dags/survey.py took 0.960 seconds
[2021-12-28 02:50:14,515] {scheduler_job.py:182} INFO - Started process (PID=94) to work on /opt/airflow/dags/survey.py
[2021-12-28 02:50:14,516] {scheduler_job.py:629} INFO - Processing file /opt/airflow/dags/survey.py for tasks to queue
[2021-12-28 02:50:14,517] {logging_mixin.py:104} INFO - [2021-12-28 02:50:14,517] {dagbag.py:448} INFO - Filling up the DagBag from /opt/airflow/dags/survey.py
[2021-12-28 02:50:14,934] {logging_mixin.py:104} WARNING - /home/airflow/.local/lib/python3.6/site-packages/airflow/utils/decorators.py:94 DeprecationWarning: provide_context is deprecated as of 2.0 and is no longer required
[2021-12-28 02:50:14,944] {scheduler_job.py:639} INFO - DAG(s) dict_keys(['survey']) retrieved from /opt/airflow/dags/survey.py
[2021-12-28 02:50:14,952] {logging_mixin.py:104} INFO - [2021-12-28 02:50:14,952] {dag.py:1818} INFO - Sync 1 DAGs
[2021-12-28 02:50:14,971] {logging_mixin.py:104} INFO - [2021-12-28 02:50:14,971] {dag.py:2273} INFO - Setting next_dagrun for survey to 2021-12-28 00:00:00+00:00
[2021-12-28 02:50:14,981] {scheduler_job.py:190} INFO - Processing /opt/airflow/dags/survey.py took 0.468 seconds
[2021-12-28 02:50:45,473] {scheduler_job.py:182} INFO - Started process (PID=96) to work on /opt/airflow/dags/survey.py
[2021-12-28 02:50:45,474] {scheduler_job.py:629} INFO - Processing file /opt/airflow/dags/survey.py for tasks to queue
[2021-12-28 02:50:45,475] {logging_mixin.py:104} INFO - [2021-12-28 02:50:45,475] {dagbag.py:448} INFO - Filling up the DagBag from /opt/airflow/dags/survey.py
[2021-12-28 02:50:46,114] {logging_mixin.py:104} WARNING - /home/airflow/.local/lib/python3.6/site-packages/airflow/utils/decorators.py:94 DeprecationWarning: provide_context is deprecated as of 2.0 and is no longer required
[2021-12-28 02:50:46,132] {scheduler_job.py:639} INFO - DAG(s) dict_keys(['survey']) retrieved from /opt/airflow/dags/survey.py
[2021-12-28 02:50:46,154] {logging_mixin.py:104} INFO - [2021-12-28 02:50:46,154] {dag.py:1818} INFO - Sync 1 DAGs
[2021-12-28 02:50:46,191] {logging_mixin.py:104} INFO - [2021-12-28 02:50:46,191] {dag.py:2273} INFO - Setting next_dagrun for survey to 2021-12-28 00:00:00+00:00
[2021-12-28 02:50:46,208] {scheduler_job.py:190} INFO - Processing /opt/airflow/dags/survey.py took 0.739 seconds
[2021-12-28 02:51:16,539] {scheduler_job.py:182} INFO - Started process (PID=98) to work on /opt/airflow/dags/survey.py
[2021-12-28 02:51:16,543] {scheduler_job.py:629} INFO - Processing file /opt/airflow/dags/survey.py for tasks to queue
[2021-12-28 02:51:16,544] {logging_mixin.py:104} INFO - [2021-12-28 02:51:16,544] {dagbag.py:448} INFO - Filling up the DagBag from /opt/airflow/dags/survey.py
[2021-12-28 02:51:16,960] {logging_mixin.py:104} WARNING - /home/airflow/.local/lib/python3.6/site-packages/airflow/utils/decorators.py:94 DeprecationWarning: provide_context is deprecated as of 2.0 and is no longer required
[2021-12-28 02:51:16,968] {scheduler_job.py:639} INFO - DAG(s) dict_keys(['survey']) retrieved from /opt/airflow/dags/survey.py
[2021-12-28 02:51:16,976] {logging_mixin.py:104} INFO - [2021-12-28 02:51:16,976] {dag.py:1818} INFO - Sync 1 DAGs
[2021-12-28 02:51:16,992] {logging_mixin.py:104} INFO - [2021-12-28 02:51:16,992] {dag.py:2273} INFO - Setting next_dagrun for survey to 2021-12-28 00:00:00+00:00
[2021-12-28 02:51:17,001] {scheduler_job.py:190} INFO - Processing /opt/airflow/dags/survey.py took 0.465 seconds
[2021-12-28 02:51:47,679] {scheduler_job.py:182} INFO - Started process (PID=100) to work on /opt/airflow/dags/survey.py
[2021-12-28 02:51:47,680] {scheduler_job.py:629} INFO - Processing file /opt/airflow/dags/survey.py for tasks to queue
[2021-12-28 02:51:47,682] {logging_mixin.py:104} INFO - [2021-12-28 02:51:47,682] {dagbag.py:448} INFO - Filling up the DagBag from /opt/airflow/dags/survey.py
[2021-12-28 02:51:48,107] {logging_mixin.py:104} WARNING - /home/airflow/.local/lib/python3.6/site-packages/airflow/utils/decorators.py:94 DeprecationWarning: provide_context is deprecated as of 2.0 and is no longer required
[2021-12-28 02:51:48,115] {scheduler_job.py:639} INFO - DAG(s) dict_keys(['survey']) retrieved from /opt/airflow/dags/survey.py
[2021-12-28 02:51:48,123] {logging_mixin.py:104} INFO - [2021-12-28 02:51:48,123] {dag.py:1818} INFO - Sync 1 DAGs
[2021-12-28 02:51:48,140] {logging_mixin.py:104} INFO - [2021-12-28 02:51:48,140] {dag.py:2273} INFO - Setting next_dagrun for survey to 2021-12-28 00:00:00+00:00
[2021-12-28 02:51:48,149] {scheduler_job.py:190} INFO - Processing /opt/airflow/dags/survey.py took 0.473 seconds
[2021-12-28 02:52:18,933] {scheduler_job.py:182} INFO - Started process (PID=102) to work on /opt/airflow/dags/survey.py
[2021-12-28 02:52:18,934] {scheduler_job.py:629} INFO - Processing file /opt/airflow/dags/survey.py for tasks to queue
[2021-12-28 02:52:18,935] {logging_mixin.py:104} INFO - [2021-12-28 02:52:18,935] {dagbag.py:448} INFO - Filling up the DagBag from /opt/airflow/dags/survey.py
[2021-12-28 02:52:19,332] {logging_mixin.py:104} WARNING - /home/airflow/.local/lib/python3.6/site-packages/airflow/utils/decorators.py:94 DeprecationWarning: provide_context is deprecated as of 2.0 and is no longer required
[2021-12-28 02:52:19,340] {scheduler_job.py:639} INFO - DAG(s) dict_keys(['survey']) retrieved from /opt/airflow/dags/survey.py
[2021-12-28 02:52:19,348] {logging_mixin.py:104} INFO - [2021-12-28 02:52:19,348] {dag.py:1818} INFO - Sync 1 DAGs
[2021-12-28 02:52:19,363] {logging_mixin.py:104} INFO - [2021-12-28 02:52:19,363] {dag.py:2273} INFO - Setting next_dagrun for survey to 2021-12-28 00:00:00+00:00
[2021-12-28 02:52:19,371] {scheduler_job.py:190} INFO - Processing /opt/airflow/dags/survey.py took 0.441 seconds
[2021-12-28 02:52:49,544] {scheduler_job.py:182} INFO - Started process (PID=104) to work on /opt/airflow/dags/survey.py
[2021-12-28 02:52:49,545] {scheduler_job.py:629} INFO - Processing file /opt/airflow/dags/survey.py for tasks to queue
[2021-12-28 02:52:49,546] {logging_mixin.py:104} INFO - [2021-12-28 02:52:49,546] {dagbag.py:448} INFO - Filling up the DagBag from /opt/airflow/dags/survey.py
[2021-12-28 02:52:56,572] {logging_mixin.py:104} WARNING - /home/airflow/.local/lib/python3.6/site-packages/airflow/utils/decorators.py:94 DeprecationWarning: provide_context is deprecated as of 2.0 and is no longer required
[2021-12-28 02:52:56,584] {scheduler_job.py:639} INFO - DAG(s) dict_keys(['survey']) retrieved from /opt/airflow/dags/survey.py
[2021-12-28 02:52:56,599] {logging_mixin.py:104} INFO - [2021-12-28 02:52:56,599] {dag.py:1818} INFO - Sync 1 DAGs
[2021-12-28 02:52:56,761] {logging_mixin.py:104} INFO - [2021-12-28 02:52:56,761] {dag.py:2273} INFO - Setting next_dagrun for survey to 2021-12-28 00:00:00+00:00
[2021-12-28 02:52:56,773] {scheduler_job.py:190} INFO - Processing /opt/airflow/dags/survey.py took 7.233 seconds
[2021-12-28 02:53:26,904] {scheduler_job.py:182} INFO - Started process (PID=106) to work on /opt/airflow/dags/survey.py
[2021-12-28 02:53:26,906] {scheduler_job.py:629} INFO - Processing file /opt/airflow/dags/survey.py for tasks to queue
[2021-12-28 02:53:26,908] {logging_mixin.py:104} INFO - [2021-12-28 02:53:26,908] {dagbag.py:448} INFO - Filling up the DagBag from /opt/airflow/dags/survey.py
[2021-12-28 02:53:27,955] {logging_mixin.py:104} WARNING - /home/airflow/.local/lib/python3.6/site-packages/airflow/utils/decorators.py:94 DeprecationWarning: provide_context is deprecated as of 2.0 and is no longer required
[2021-12-28 02:53:27,973] {scheduler_job.py:639} INFO - DAG(s) dict_keys(['survey']) retrieved from /opt/airflow/dags/survey.py
[2021-12-28 02:53:27,993] {logging_mixin.py:104} INFO - [2021-12-28 02:53:27,993] {dag.py:1818} INFO - Sync 1 DAGs
[2021-12-28 02:53:28,046] {logging_mixin.py:104} INFO - [2021-12-28 02:53:28,046] {dag.py:2273} INFO - Setting next_dagrun for survey to 2021-12-28 00:00:00+00:00
[2021-12-28 02:53:28,065] {scheduler_job.py:190} INFO - Processing /opt/airflow/dags/survey.py took 1.167 seconds
[2021-12-28 02:53:58,136] {scheduler_job.py:182} INFO - Started process (PID=108) to work on /opt/airflow/dags/survey.py
[2021-12-28 02:53:58,137] {scheduler_job.py:629} INFO - Processing file /opt/airflow/dags/survey.py for tasks to queue
[2021-12-28 02:53:58,138] {logging_mixin.py:104} INFO - [2021-12-28 02:53:58,137] {dagbag.py:448} INFO - Filling up the DagBag from /opt/airflow/dags/survey.py
[2021-12-28 02:53:58,532] {logging_mixin.py:104} WARNING - /home/airflow/.local/lib/python3.6/site-packages/airflow/utils/decorators.py:94 DeprecationWarning: provide_context is deprecated as of 2.0 and is no longer required
[2021-12-28 02:53:58,539] {scheduler_job.py:639} INFO - DAG(s) dict_keys(['survey']) retrieved from /opt/airflow/dags/survey.py
[2021-12-28 02:53:58,547] {logging_mixin.py:104} INFO - [2021-12-28 02:53:58,547] {dag.py:1818} INFO - Sync 1 DAGs
[2021-12-28 02:53:58,564] {logging_mixin.py:104} INFO - [2021-12-28 02:53:58,564] {dag.py:2273} INFO - Setting next_dagrun for survey to 2021-12-28 00:00:00+00:00
[2021-12-28 02:53:58,573] {scheduler_job.py:190} INFO - Processing /opt/airflow/dags/survey.py took 0.440 seconds
[2021-12-28 02:54:28,634] {scheduler_job.py:182} INFO - Started process (PID=110) to work on /opt/airflow/dags/survey.py
[2021-12-28 02:54:28,635] {scheduler_job.py:629} INFO - Processing file /opt/airflow/dags/survey.py for tasks to queue
[2021-12-28 02:54:28,635] {logging_mixin.py:104} INFO - [2021-12-28 02:54:28,635] {dagbag.py:448} INFO - Filling up the DagBag from /opt/airflow/dags/survey.py
[2021-12-28 02:54:29,045] {logging_mixin.py:104} WARNING - /home/airflow/.local/lib/python3.6/site-packages/airflow/utils/decorators.py:94 DeprecationWarning: provide_context is deprecated as of 2.0 and is no longer required
[2021-12-28 02:54:29,052] {scheduler_job.py:639} INFO - DAG(s) dict_keys(['survey']) retrieved from /opt/airflow/dags/survey.py
[2021-12-28 02:54:29,060] {logging_mixin.py:104} INFO - [2021-12-28 02:54:29,060] {dag.py:1818} INFO - Sync 1 DAGs
[2021-12-28 02:54:29,077] {logging_mixin.py:104} INFO - [2021-12-28 02:54:29,077] {dag.py:2273} INFO - Setting next_dagrun for survey to 2021-12-28 00:00:00+00:00
[2021-12-28 02:54:29,084] {scheduler_job.py:190} INFO - Processing /opt/airflow/dags/survey.py took 0.454 seconds
[2021-12-28 02:54:59,172] {scheduler_job.py:182} INFO - Started process (PID=112) to work on /opt/airflow/dags/survey.py
[2021-12-28 02:54:59,174] {scheduler_job.py:629} INFO - Processing file /opt/airflow/dags/survey.py for tasks to queue
[2021-12-28 02:54:59,175] {logging_mixin.py:104} INFO - [2021-12-28 02:54:59,175] {dagbag.py:448} INFO - Filling up the DagBag from /opt/airflow/dags/survey.py
[2021-12-28 02:55:00,128] {logging_mixin.py:104} WARNING - /home/airflow/.local/lib/python3.6/site-packages/airflow/utils/decorators.py:94 DeprecationWarning: provide_context is deprecated as of 2.0 and is no longer required
[2021-12-28 02:55:00,143] {scheduler_job.py:639} INFO - DAG(s) dict_keys(['survey']) retrieved from /opt/airflow/dags/survey.py
[2021-12-28 02:55:00,162] {logging_mixin.py:104} INFO - [2021-12-28 02:55:00,161] {dag.py:1818} INFO - Sync 1 DAGs
[2021-12-28 02:55:00,203] {logging_mixin.py:104} INFO - [2021-12-28 02:55:00,203] {dag.py:2273} INFO - Setting next_dagrun for survey to 2021-12-28 00:00:00+00:00
[2021-12-28 02:55:00,221] {scheduler_job.py:190} INFO - Processing /opt/airflow/dags/survey.py took 1.055 seconds
[2021-12-28 02:55:30,301] {scheduler_job.py:182} INFO - Started process (PID=113) to work on /opt/airflow/dags/survey.py
[2021-12-28 02:55:30,302] {scheduler_job.py:629} INFO - Processing file /opt/airflow/dags/survey.py for tasks to queue
[2021-12-28 02:55:30,303] {logging_mixin.py:104} INFO - [2021-12-28 02:55:30,303] {dagbag.py:448} INFO - Filling up the DagBag from /opt/airflow/dags/survey.py
[2021-12-28 02:55:30,737] {logging_mixin.py:104} WARNING - /home/airflow/.local/lib/python3.6/site-packages/airflow/utils/decorators.py:94 DeprecationWarning: provide_context is deprecated as of 2.0 and is no longer required
[2021-12-28 02:55:30,744] {scheduler_job.py:639} INFO - DAG(s) dict_keys(['survey']) retrieved from /opt/airflow/dags/survey.py
[2021-12-28 02:55:30,752] {logging_mixin.py:104} INFO - [2021-12-28 02:55:30,752] {dag.py:1818} INFO - Sync 1 DAGs
[2021-12-28 02:55:30,770] {logging_mixin.py:104} INFO - [2021-12-28 02:55:30,770] {dag.py:2273} INFO - Setting next_dagrun for survey to 2021-12-28 00:00:00+00:00
[2021-12-28 02:55:30,779] {scheduler_job.py:190} INFO - Processing /opt/airflow/dags/survey.py took 0.482 seconds
[2021-12-28 02:56:00,907] {scheduler_job.py:182} INFO - Started process (PID=115) to work on /opt/airflow/dags/survey.py
[2021-12-28 02:56:00,910] {scheduler_job.py:629} INFO - Processing file /opt/airflow/dags/survey.py for tasks to queue
[2021-12-28 02:56:00,912] {logging_mixin.py:104} INFO - [2021-12-28 02:56:00,912] {dagbag.py:448} INFO - Filling up the DagBag from /opt/airflow/dags/survey.py
[2021-12-28 02:56:01,994] {logging_mixin.py:104} WARNING - /home/airflow/.local/lib/python3.6/site-packages/airflow/utils/decorators.py:94 DeprecationWarning: provide_context is deprecated as of 2.0 and is no longer required
[2021-12-28 02:56:02,011] {scheduler_job.py:639} INFO - DAG(s) dict_keys(['survey']) retrieved from /opt/airflow/dags/survey.py
[2021-12-28 02:56:02,028] {logging_mixin.py:104} INFO - [2021-12-28 02:56:02,027] {dag.py:1818} INFO - Sync 1 DAGs
[2021-12-28 02:56:02,078] {logging_mixin.py:104} INFO - [2021-12-28 02:56:02,078] {dag.py:2273} INFO - Setting next_dagrun for survey to 2021-12-28 00:00:00+00:00
[2021-12-28 02:56:02,094] {scheduler_job.py:190} INFO - Processing /opt/airflow/dags/survey.py took 1.196 seconds
[2021-12-28 02:56:32,226] {scheduler_job.py:182} INFO - Started process (PID=117) to work on /opt/airflow/dags/survey.py
[2021-12-28 02:56:32,229] {scheduler_job.py:629} INFO - Processing file /opt/airflow/dags/survey.py for tasks to queue
[2021-12-28 02:56:32,232] {logging_mixin.py:104} INFO - [2021-12-28 02:56:32,231] {dagbag.py:448} INFO - Filling up the DagBag from /opt/airflow/dags/survey.py
[2021-12-28 02:56:33,431] {logging_mixin.py:104} WARNING - /home/airflow/.local/lib/python3.6/site-packages/airflow/utils/decorators.py:94 DeprecationWarning: provide_context is deprecated as of 2.0 and is no longer required
[2021-12-28 02:56:33,466] {scheduler_job.py:639} INFO - DAG(s) dict_keys(['survey']) retrieved from /opt/airflow/dags/survey.py
[2021-12-28 02:56:33,501] {logging_mixin.py:104} INFO - [2021-12-28 02:56:33,501] {dag.py:1818} INFO - Sync 1 DAGs
[2021-12-28 02:56:33,589] {logging_mixin.py:104} INFO - [2021-12-28 02:56:33,589] {dag.py:2273} INFO - Setting next_dagrun for survey to 2021-12-28 00:00:00+00:00
[2021-12-28 02:56:33,619] {scheduler_job.py:190} INFO - Processing /opt/airflow/dags/survey.py took 1.399 seconds
[2021-12-28 02:57:04,463] {scheduler_job.py:182} INFO - Started process (PID=119) to work on /opt/airflow/dags/survey.py
[2021-12-28 02:57:04,465] {scheduler_job.py:629} INFO - Processing file /opt/airflow/dags/survey.py for tasks to queue
[2021-12-28 02:57:04,466] {logging_mixin.py:104} INFO - [2021-12-28 02:57:04,466] {dagbag.py:448} INFO - Filling up the DagBag from /opt/airflow/dags/survey.py
[2021-12-28 02:57:04,912] {logging_mixin.py:104} WARNING - /home/airflow/.local/lib/python3.6/site-packages/airflow/utils/decorators.py:94 DeprecationWarning: provide_context is deprecated as of 2.0 and is no longer required
[2021-12-28 02:57:04,922] {scheduler_job.py:639} INFO - DAG(s) dict_keys(['survey']) retrieved from /opt/airflow/dags/survey.py
[2021-12-28 02:57:04,931] {logging_mixin.py:104} INFO - [2021-12-28 02:57:04,931] {dag.py:1818} INFO - Sync 1 DAGs
[2021-12-28 02:57:04,952] {logging_mixin.py:104} INFO - [2021-12-28 02:57:04,952] {dag.py:2273} INFO - Setting next_dagrun for survey to 2021-12-28 00:00:00+00:00
[2021-12-28 02:57:04,960] {scheduler_job.py:190} INFO - Processing /opt/airflow/dags/survey.py took 0.499 seconds
[2021-12-28 02:57:35,055] {scheduler_job.py:182} INFO - Started process (PID=121) to work on /opt/airflow/dags/survey.py
[2021-12-28 02:57:35,058] {scheduler_job.py:629} INFO - Processing file /opt/airflow/dags/survey.py for tasks to queue
[2021-12-28 02:57:35,059] {logging_mixin.py:104} INFO - [2021-12-28 02:57:35,059] {dagbag.py:448} INFO - Filling up the DagBag from /opt/airflow/dags/survey.py
[2021-12-28 02:57:35,868] {logging_mixin.py:104} WARNING - /home/airflow/.local/lib/python3.6/site-packages/airflow/utils/decorators.py:94 DeprecationWarning: provide_context is deprecated as of 2.0 and is no longer required
[2021-12-28 02:57:35,887] {scheduler_job.py:639} INFO - DAG(s) dict_keys(['survey']) retrieved from /opt/airflow/dags/survey.py
[2021-12-28 02:57:35,911] {logging_mixin.py:104} INFO - [2021-12-28 02:57:35,911] {dag.py:1818} INFO - Sync 1 DAGs
[2021-12-28 02:57:35,954] {logging_mixin.py:104} INFO - [2021-12-28 02:57:35,954] {dag.py:2273} INFO - Setting next_dagrun for survey to 2021-12-28 00:00:00+00:00
[2021-12-28 02:57:35,971] {scheduler_job.py:190} INFO - Processing /opt/airflow/dags/survey.py took 0.919 seconds
[2021-12-28 02:58:06,764] {scheduler_job.py:182} INFO - Started process (PID=123) to work on /opt/airflow/dags/survey.py
[2021-12-28 02:58:06,767] {scheduler_job.py:629} INFO - Processing file /opt/airflow/dags/survey.py for tasks to queue
[2021-12-28 02:58:06,769] {logging_mixin.py:104} INFO - [2021-12-28 02:58:06,769] {dagbag.py:448} INFO - Filling up the DagBag from /opt/airflow/dags/survey.py
[2021-12-28 02:58:07,653] {logging_mixin.py:104} WARNING - /home/airflow/.local/lib/python3.6/site-packages/airflow/utils/decorators.py:94 DeprecationWarning: provide_context is deprecated as of 2.0 and is no longer required
[2021-12-28 02:58:07,671] {scheduler_job.py:639} INFO - DAG(s) dict_keys(['survey']) retrieved from /opt/airflow/dags/survey.py
[2021-12-28 02:58:07,694] {logging_mixin.py:104} INFO - [2021-12-28 02:58:07,694] {dag.py:1818} INFO - Sync 1 DAGs
[2021-12-28 02:58:07,735] {logging_mixin.py:104} INFO - [2021-12-28 02:58:07,734] {dag.py:2273} INFO - Setting next_dagrun for survey to 2021-12-28 00:00:00+00:00
[2021-12-28 02:58:07,749] {scheduler_job.py:190} INFO - Processing /opt/airflow/dags/survey.py took 0.992 seconds
[2021-12-28 02:58:37,896] {scheduler_job.py:182} INFO - Started process (PID=125) to work on /opt/airflow/dags/survey.py
[2021-12-28 02:58:37,897] {scheduler_job.py:629} INFO - Processing file /opt/airflow/dags/survey.py for tasks to queue
[2021-12-28 02:58:37,898] {logging_mixin.py:104} INFO - [2021-12-28 02:58:37,898] {dagbag.py:448} INFO - Filling up the DagBag from /opt/airflow/dags/survey.py
[2021-12-28 02:58:38,398] {logging_mixin.py:104} WARNING - /home/airflow/.local/lib/python3.6/site-packages/airflow/utils/decorators.py:94 DeprecationWarning: provide_context is deprecated as of 2.0 and is no longer required
[2021-12-28 02:58:38,406] {scheduler_job.py:639} INFO - DAG(s) dict_keys(['survey']) retrieved from /opt/airflow/dags/survey.py
[2021-12-28 02:58:38,415] {logging_mixin.py:104} INFO - [2021-12-28 02:58:38,415] {dag.py:1818} INFO - Sync 1 DAGs
[2021-12-28 02:58:38,432] {logging_mixin.py:104} INFO - [2021-12-28 02:58:38,432] {dag.py:2273} INFO - Setting next_dagrun for survey to 2021-12-28 00:00:00+00:00
[2021-12-28 02:58:38,440] {scheduler_job.py:190} INFO - Processing /opt/airflow/dags/survey.py took 0.547 seconds
[2021-12-28 02:59:08,520] {scheduler_job.py:182} INFO - Started process (PID=127) to work on /opt/airflow/dags/survey.py
[2021-12-28 02:59:08,521] {scheduler_job.py:629} INFO - Processing file /opt/airflow/dags/survey.py for tasks to queue
[2021-12-28 02:59:08,523] {logging_mixin.py:104} INFO - [2021-12-28 02:59:08,523] {dagbag.py:448} INFO - Filling up the DagBag from /opt/airflow/dags/survey.py
[2021-12-28 02:59:09,297] {logging_mixin.py:104} WARNING - /home/airflow/.local/lib/python3.6/site-packages/airflow/utils/decorators.py:94 DeprecationWarning: provide_context is deprecated as of 2.0 and is no longer required
[2021-12-28 02:59:09,311] {scheduler_job.py:639} INFO - DAG(s) dict_keys(['survey']) retrieved from /opt/airflow/dags/survey.py
[2021-12-28 02:59:09,327] {logging_mixin.py:104} INFO - [2021-12-28 02:59:09,327] {dag.py:1818} INFO - Sync 1 DAGs
[2021-12-28 02:59:09,359] {logging_mixin.py:104} INFO - [2021-12-28 02:59:09,358] {dag.py:2273} INFO - Setting next_dagrun for survey to 2021-12-28 00:00:00+00:00
[2021-12-28 02:59:09,373] {scheduler_job.py:190} INFO - Processing /opt/airflow/dags/survey.py took 0.859 seconds
[2021-12-28 02:59:39,455] {scheduler_job.py:182} INFO - Started process (PID=129) to work on /opt/airflow/dags/survey.py
[2021-12-28 02:59:39,456] {scheduler_job.py:629} INFO - Processing file /opt/airflow/dags/survey.py for tasks to queue
[2021-12-28 02:59:39,457] {logging_mixin.py:104} INFO - [2021-12-28 02:59:39,457] {dagbag.py:448} INFO - Filling up the DagBag from /opt/airflow/dags/survey.py
[2021-12-28 02:59:39,864] {logging_mixin.py:104} WARNING - /home/airflow/.local/lib/python3.6/site-packages/airflow/utils/decorators.py:94 DeprecationWarning: provide_context is deprecated as of 2.0 and is no longer required
[2021-12-28 02:59:39,871] {scheduler_job.py:639} INFO - DAG(s) dict_keys(['survey']) retrieved from /opt/airflow/dags/survey.py
[2021-12-28 02:59:39,879] {logging_mixin.py:104} INFO - [2021-12-28 02:59:39,879] {dag.py:1818} INFO - Sync 1 DAGs
[2021-12-28 02:59:39,897] {logging_mixin.py:104} INFO - [2021-12-28 02:59:39,897] {dag.py:2273} INFO - Setting next_dagrun for survey to 2021-12-28 00:00:00+00:00
[2021-12-28 02:59:39,905] {scheduler_job.py:190} INFO - Processing /opt/airflow/dags/survey.py took 0.453 seconds
[2021-12-28 03:00:10,259] {scheduler_job.py:182} INFO - Started process (PID=131) to work on /opt/airflow/dags/survey.py
[2021-12-28 03:00:10,261] {scheduler_job.py:629} INFO - Processing file /opt/airflow/dags/survey.py for tasks to queue
[2021-12-28 03:00:10,263] {logging_mixin.py:104} INFO - [2021-12-28 03:00:10,263] {dagbag.py:448} INFO - Filling up the DagBag from /opt/airflow/dags/survey.py
[2021-12-28 03:00:11,457] {logging_mixin.py:104} WARNING - /home/airflow/.local/lib/python3.6/site-packages/airflow/utils/decorators.py:94 DeprecationWarning: provide_context is deprecated as of 2.0 and is no longer required
[2021-12-28 03:00:11,476] {scheduler_job.py:639} INFO - DAG(s) dict_keys(['survey']) retrieved from /opt/airflow/dags/survey.py
[2021-12-28 03:00:11,503] {logging_mixin.py:104} INFO - [2021-12-28 03:00:11,502] {dag.py:1818} INFO - Sync 1 DAGs
[2021-12-28 03:00:11,549] {logging_mixin.py:104} INFO - [2021-12-28 03:00:11,549] {dag.py:2273} INFO - Setting next_dagrun for survey to 2021-12-28 00:00:00+00:00
[2021-12-28 03:00:11,566] {scheduler_job.py:190} INFO - Processing /opt/airflow/dags/survey.py took 1.314 seconds
[2021-12-28 03:00:41,724] {scheduler_job.py:182} INFO - Started process (PID=133) to work on /opt/airflow/dags/survey.py
[2021-12-28 03:00:41,729] {scheduler_job.py:629} INFO - Processing file /opt/airflow/dags/survey.py for tasks to queue
[2021-12-28 03:00:41,735] {logging_mixin.py:104} INFO - [2021-12-28 03:00:41,735] {dagbag.py:448} INFO - Filling up the DagBag from /opt/airflow/dags/survey.py
[2021-12-28 03:00:44,312] {logging_mixin.py:104} WARNING - /home/airflow/.local/lib/python3.6/site-packages/airflow/utils/decorators.py:94 DeprecationWarning: provide_context is deprecated as of 2.0 and is no longer required
[2021-12-28 03:00:44,324] {scheduler_job.py:639} INFO - DAG(s) dict_keys(['survey']) retrieved from /opt/airflow/dags/survey.py
[2021-12-28 03:00:44,341] {logging_mixin.py:104} INFO - [2021-12-28 03:00:44,340] {dag.py:1818} INFO - Sync 1 DAGs
[2021-12-28 03:00:44,376] {logging_mixin.py:104} INFO - [2021-12-28 03:00:44,376] {dag.py:2273} INFO - Setting next_dagrun for survey to 2021-12-28 00:00:00+00:00
[2021-12-28 03:00:44,388] {scheduler_job.py:190} INFO - Processing /opt/airflow/dags/survey.py took 2.675 seconds
[2021-12-28 03:01:15,024] {scheduler_job.py:182} INFO - Started process (PID=135) to work on /opt/airflow/dags/survey.py
[2021-12-28 03:01:15,025] {scheduler_job.py:629} INFO - Processing file /opt/airflow/dags/survey.py for tasks to queue
[2021-12-28 03:01:15,026] {logging_mixin.py:104} INFO - [2021-12-28 03:01:15,026] {dagbag.py:448} INFO - Filling up the DagBag from /opt/airflow/dags/survey.py
[2021-12-28 03:01:17,871] {logging_mixin.py:104} WARNING - /home/airflow/.local/lib/python3.6/site-packages/airflow/utils/decorators.py:94 DeprecationWarning: provide_context is deprecated as of 2.0 and is no longer required
[2021-12-28 03:01:17,895] {scheduler_job.py:639} INFO - DAG(s) dict_keys(['survey']) retrieved from /opt/airflow/dags/survey.py
[2021-12-28 03:01:17,920] {logging_mixin.py:104} INFO - [2021-12-28 03:01:17,920] {dag.py:1818} INFO - Sync 1 DAGs
[2021-12-28 03:01:17,983] {logging_mixin.py:104} INFO - [2021-12-28 03:01:17,983] {dag.py:2273} INFO - Setting next_dagrun for survey to 2021-12-28 00:00:00+00:00
[2021-12-28 03:01:18,006] {scheduler_job.py:190} INFO - Processing /opt/airflow/dags/survey.py took 2.985 seconds
[2021-12-28 03:01:48,130] {scheduler_job.py:182} INFO - Started process (PID=137) to work on /opt/airflow/dags/survey.py
[2021-12-28 03:01:48,131] {scheduler_job.py:629} INFO - Processing file /opt/airflow/dags/survey.py for tasks to queue
[2021-12-28 03:01:48,132] {logging_mixin.py:104} INFO - [2021-12-28 03:01:48,132] {dagbag.py:448} INFO - Filling up the DagBag from /opt/airflow/dags/survey.py
[2021-12-28 03:01:48,584] {logging_mixin.py:104} WARNING - /home/airflow/.local/lib/python3.6/site-packages/airflow/utils/decorators.py:94 DeprecationWarning: provide_context is deprecated as of 2.0 and is no longer required
[2021-12-28 03:01:48,592] {scheduler_job.py:639} INFO - DAG(s) dict_keys(['survey']) retrieved from /opt/airflow/dags/survey.py
[2021-12-28 03:01:48,603] {logging_mixin.py:104} INFO - [2021-12-28 03:01:48,603] {dag.py:1818} INFO - Sync 1 DAGs
[2021-12-28 03:01:48,622] {logging_mixin.py:104} INFO - [2021-12-28 03:01:48,622] {dag.py:2273} INFO - Setting next_dagrun for survey to 2021-12-28 00:00:00+00:00
[2021-12-28 03:01:48,631] {scheduler_job.py:190} INFO - Processing /opt/airflow/dags/survey.py took 0.504 seconds
[2021-12-28 03:02:18,726] {scheduler_job.py:182} INFO - Started process (PID=139) to work on /opt/airflow/dags/survey.py
[2021-12-28 03:02:18,728] {scheduler_job.py:629} INFO - Processing file /opt/airflow/dags/survey.py for tasks to queue
[2021-12-28 03:02:18,730] {logging_mixin.py:104} INFO - [2021-12-28 03:02:18,730] {dagbag.py:448} INFO - Filling up the DagBag from /opt/airflow/dags/survey.py
[2021-12-28 03:02:19,499] {logging_mixin.py:104} WARNING - /home/airflow/.local/lib/python3.6/site-packages/airflow/utils/decorators.py:94 DeprecationWarning: provide_context is deprecated as of 2.0 and is no longer required
[2021-12-28 03:02:19,515] {scheduler_job.py:639} INFO - DAG(s) dict_keys(['survey']) retrieved from /opt/airflow/dags/survey.py
[2021-12-28 03:02:19,530] {logging_mixin.py:104} INFO - [2021-12-28 03:02:19,530] {dag.py:1818} INFO - Sync 1 DAGs
[2021-12-28 03:02:19,568] {logging_mixin.py:104} INFO - [2021-12-28 03:02:19,567] {dag.py:2273} INFO - Setting next_dagrun for survey to 2021-12-28 00:00:00+00:00
[2021-12-28 03:02:19,582] {scheduler_job.py:190} INFO - Processing /opt/airflow/dags/survey.py took 0.861 seconds
[2021-12-28 03:02:49,815] {scheduler_job.py:182} INFO - Started process (PID=141) to work on /opt/airflow/dags/survey.py
[2021-12-28 03:02:49,817] {scheduler_job.py:629} INFO - Processing file /opt/airflow/dags/survey.py for tasks to queue
[2021-12-28 03:02:49,819] {logging_mixin.py:104} INFO - [2021-12-28 03:02:49,819] {dagbag.py:448} INFO - Filling up the DagBag from /opt/airflow/dags/survey.py
[2021-12-28 03:02:50,386] {logging_mixin.py:104} WARNING - /home/airflow/.local/lib/python3.6/site-packages/airflow/utils/decorators.py:94 DeprecationWarning: provide_context is deprecated as of 2.0 and is no longer required
[2021-12-28 03:02:50,396] {scheduler_job.py:639} INFO - DAG(s) dict_keys(['survey']) retrieved from /opt/airflow/dags/survey.py
[2021-12-28 03:02:50,407] {logging_mixin.py:104} INFO - [2021-12-28 03:02:50,407] {dag.py:1818} INFO - Sync 1 DAGs
[2021-12-28 03:02:50,432] {logging_mixin.py:104} INFO - [2021-12-28 03:02:50,431] {dag.py:2273} INFO - Setting next_dagrun for survey to 2021-12-28 00:00:00+00:00
[2021-12-28 03:02:50,441] {scheduler_job.py:190} INFO - Processing /opt/airflow/dags/survey.py took 0.630 seconds
[2021-12-28 03:03:21,018] {scheduler_job.py:182} INFO - Started process (PID=143) to work on /opt/airflow/dags/survey.py
[2021-12-28 03:03:21,020] {scheduler_job.py:629} INFO - Processing file /opt/airflow/dags/survey.py for tasks to queue
[2021-12-28 03:03:21,021] {logging_mixin.py:104} INFO - [2021-12-28 03:03:21,021] {dagbag.py:448} INFO - Filling up the DagBag from /opt/airflow/dags/survey.py
[2021-12-28 03:03:21,826] {logging_mixin.py:104} WARNING - /home/airflow/.local/lib/python3.6/site-packages/airflow/utils/decorators.py:94 DeprecationWarning: provide_context is deprecated as of 2.0 and is no longer required
[2021-12-28 03:03:21,842] {scheduler_job.py:639} INFO - DAG(s) dict_keys(['survey']) retrieved from /opt/airflow/dags/survey.py
[2021-12-28 03:03:21,862] {logging_mixin.py:104} INFO - [2021-12-28 03:03:21,861] {dag.py:1818} INFO - Sync 1 DAGs
[2021-12-28 03:03:21,896] {logging_mixin.py:104} INFO - [2021-12-28 03:03:21,896] {dag.py:2273} INFO - Setting next_dagrun for survey to 2021-12-28 00:00:00+00:00
[2021-12-28 03:03:21,910] {scheduler_job.py:190} INFO - Processing /opt/airflow/dags/survey.py took 0.896 seconds
[2021-12-28 03:03:52,243] {scheduler_job.py:182} INFO - Started process (PID=145) to work on /opt/airflow/dags/survey.py
[2021-12-28 03:03:52,246] {scheduler_job.py:629} INFO - Processing file /opt/airflow/dags/survey.py for tasks to queue
[2021-12-28 03:03:52,247] {logging_mixin.py:104} INFO - [2021-12-28 03:03:52,247] {dagbag.py:448} INFO - Filling up the DagBag from /opt/airflow/dags/survey.py
[2021-12-28 03:03:52,863] {logging_mixin.py:104} WARNING - /home/airflow/.local/lib/python3.6/site-packages/airflow/utils/decorators.py:94 DeprecationWarning: provide_context is deprecated as of 2.0 and is no longer required
[2021-12-28 03:03:52,871] {scheduler_job.py:639} INFO - DAG(s) dict_keys(['survey']) retrieved from /opt/airflow/dags/survey.py
[2021-12-28 03:03:52,881] {logging_mixin.py:104} INFO - [2021-12-28 03:03:52,881] {dag.py:1818} INFO - Sync 1 DAGs
[2021-12-28 03:03:52,909] {logging_mixin.py:104} INFO - [2021-12-28 03:03:52,909] {dag.py:2273} INFO - Setting next_dagrun for survey to 2021-12-28 00:00:00+00:00
[2021-12-28 03:03:52,918] {scheduler_job.py:190} INFO - Processing /opt/airflow/dags/survey.py took 0.679 seconds
[2021-12-28 03:04:23,006] {scheduler_job.py:182} INFO - Started process (PID=147) to work on /opt/airflow/dags/survey.py
[2021-12-28 03:04:23,011] {scheduler_job.py:629} INFO - Processing file /opt/airflow/dags/survey.py for tasks to queue
[2021-12-28 03:04:23,015] {logging_mixin.py:104} INFO - [2021-12-28 03:04:23,014] {dagbag.py:448} INFO - Filling up the DagBag from /opt/airflow/dags/survey.py
[2021-12-28 03:04:24,477] {logging_mixin.py:104} WARNING - /home/airflow/.local/lib/python3.6/site-packages/airflow/utils/decorators.py:94 DeprecationWarning: provide_context is deprecated as of 2.0 and is no longer required
[2021-12-28 03:04:24,500] {scheduler_job.py:639} INFO - DAG(s) dict_keys(['survey']) retrieved from /opt/airflow/dags/survey.py
[2021-12-28 03:04:24,533] {logging_mixin.py:104} INFO - [2021-12-28 03:04:24,532] {dag.py:1818} INFO - Sync 1 DAGs
[2021-12-28 03:04:24,592] {logging_mixin.py:104} INFO - [2021-12-28 03:04:24,592] {dag.py:2273} INFO - Setting next_dagrun for survey to 2021-12-28 00:00:00+00:00
[2021-12-28 03:04:24,615] {scheduler_job.py:190} INFO - Processing /opt/airflow/dags/survey.py took 1.623 seconds
[2021-12-28 03:04:55,391] {scheduler_job.py:182} INFO - Started process (PID=149) to work on /opt/airflow/dags/survey.py
[2021-12-28 03:04:55,392] {scheduler_job.py:629} INFO - Processing file /opt/airflow/dags/survey.py for tasks to queue
[2021-12-28 03:04:55,393] {logging_mixin.py:104} INFO - [2021-12-28 03:04:55,392] {dagbag.py:448} INFO - Filling up the DagBag from /opt/airflow/dags/survey.py
[2021-12-28 03:04:56,024] {logging_mixin.py:104} WARNING - /home/airflow/.local/lib/python3.6/site-packages/airflow/utils/decorators.py:94 DeprecationWarning: provide_context is deprecated as of 2.0 and is no longer required
[2021-12-28 03:04:56,032] {scheduler_job.py:639} INFO - DAG(s) dict_keys(['survey']) retrieved from /opt/airflow/dags/survey.py
[2021-12-28 03:04:56,044] {logging_mixin.py:104} INFO - [2021-12-28 03:04:56,043] {dag.py:1818} INFO - Sync 1 DAGs
[2021-12-28 03:04:56,065] {logging_mixin.py:104} INFO - [2021-12-28 03:04:56,065] {dag.py:2273} INFO - Setting next_dagrun for survey to 2021-12-28 00:00:00+00:00
[2021-12-28 03:04:56,135] {scheduler_job.py:190} INFO - Processing /opt/airflow/dags/survey.py took 0.749 seconds
[2021-12-28 03:05:27,127] {scheduler_job.py:182} INFO - Started process (PID=151) to work on /opt/airflow/dags/survey.py
[2021-12-28 03:05:27,135] {scheduler_job.py:629} INFO - Processing file /opt/airflow/dags/survey.py for tasks to queue
[2021-12-28 03:05:27,157] {logging_mixin.py:104} INFO - [2021-12-28 03:05:27,156] {dagbag.py:448} INFO - Filling up the DagBag from /opt/airflow/dags/survey.py
[2021-12-28 03:05:29,159] {logging_mixin.py:104} WARNING - /home/airflow/.local/lib/python3.6/site-packages/airflow/utils/decorators.py:94 DeprecationWarning: provide_context is deprecated as of 2.0 and is no longer required
[2021-12-28 03:05:29,251] {scheduler_job.py:639} INFO - DAG(s) dict_keys(['survey']) retrieved from /opt/airflow/dags/survey.py
[2021-12-28 03:05:29,276] {logging_mixin.py:104} INFO - [2021-12-28 03:05:29,276] {dag.py:1818} INFO - Sync 1 DAGs
[2021-12-28 03:05:29,311] {logging_mixin.py:104} INFO - [2021-12-28 03:05:29,310] {dag.py:2273} INFO - Setting next_dagrun for survey to 2021-12-28 00:00:00+00:00
[2021-12-28 03:05:29,337] {scheduler_job.py:190} INFO - Processing /opt/airflow/dags/survey.py took 2.221 seconds
[2021-12-28 03:05:59,442] {scheduler_job.py:182} INFO - Started process (PID=153) to work on /opt/airflow/dags/survey.py
[2021-12-28 03:05:59,444] {scheduler_job.py:629} INFO - Processing file /opt/airflow/dags/survey.py for tasks to queue
[2021-12-28 03:05:59,444] {logging_mixin.py:104} INFO - [2021-12-28 03:05:59,444] {dagbag.py:448} INFO - Filling up the DagBag from /opt/airflow/dags/survey.py
[2021-12-28 03:05:59,847] {logging_mixin.py:104} WARNING - /home/airflow/.local/lib/python3.6/site-packages/airflow/utils/decorators.py:94 DeprecationWarning: provide_context is deprecated as of 2.0 and is no longer required
[2021-12-28 03:05:59,854] {scheduler_job.py:639} INFO - DAG(s) dict_keys(['survey']) retrieved from /opt/airflow/dags/survey.py
[2021-12-28 03:05:59,863] {logging_mixin.py:104} INFO - [2021-12-28 03:05:59,863] {dag.py:1818} INFO - Sync 1 DAGs
[2021-12-28 03:05:59,879] {logging_mixin.py:104} INFO - [2021-12-28 03:05:59,879] {dag.py:2273} INFO - Setting next_dagrun for survey to 2021-12-28 00:00:00+00:00
[2021-12-28 03:05:59,888] {scheduler_job.py:190} INFO - Processing /opt/airflow/dags/survey.py took 0.449 seconds
[2021-12-28 03:06:40,473] {scheduler_job.py:182} INFO - Started process (PID=155) to work on /opt/airflow/dags/survey.py
[2021-12-28 03:06:41,228] {scheduler_job.py:629} INFO - Processing file /opt/airflow/dags/survey.py for tasks to queue
[2021-12-28 03:06:42,224] {logging_mixin.py:104} INFO - [2021-12-28 03:06:42,065] {dagbag.py:448} INFO - Filling up the DagBag from /opt/airflow/dags/survey.py
[2021-12-28 03:06:56,631] {logging_mixin.py:104} WARNING - /home/airflow/.local/lib/python3.6/site-packages/airflow/utils/decorators.py:94 DeprecationWarning: provide_context is deprecated as of 2.0 and is no longer required
[2021-12-28 03:06:56,641] {scheduler_job.py:639} INFO - DAG(s) dict_keys(['survey']) retrieved from /opt/airflow/dags/survey.py
[2021-12-28 03:06:56,653] {logging_mixin.py:104} INFO - [2021-12-28 03:06:56,652] {dag.py:1818} INFO - Sync 1 DAGs
[2021-12-28 03:06:56,681] {logging_mixin.py:104} INFO - [2021-12-28 03:06:56,681] {dag.py:2273} INFO - Setting next_dagrun for survey to 2021-12-28 00:00:00+00:00
[2021-12-28 03:06:56,692] {scheduler_job.py:190} INFO - Processing /opt/airflow/dags/survey.py took 16.236 seconds
[2021-12-28 03:07:27,678] {scheduler_job.py:182} INFO - Started process (PID=157) to work on /opt/airflow/dags/survey.py
[2021-12-28 03:07:27,682] {scheduler_job.py:629} INFO - Processing file /opt/airflow/dags/survey.py for tasks to queue
[2021-12-28 03:07:27,685] {logging_mixin.py:104} INFO - [2021-12-28 03:07:27,685] {dagbag.py:448} INFO - Filling up the DagBag from /opt/airflow/dags/survey.py
[2021-12-28 03:07:29,293] {logging_mixin.py:104} WARNING - /home/airflow/.local/lib/python3.6/site-packages/airflow/utils/decorators.py:94 DeprecationWarning: provide_context is deprecated as of 2.0 and is no longer required
[2021-12-28 03:07:29,336] {scheduler_job.py:639} INFO - DAG(s) dict_keys(['survey']) retrieved from /opt/airflow/dags/survey.py
[2021-12-28 03:07:29,375] {logging_mixin.py:104} INFO - [2021-12-28 03:07:29,374] {dag.py:1818} INFO - Sync 1 DAGs
[2021-12-28 03:07:29,463] {logging_mixin.py:104} INFO - [2021-12-28 03:07:29,463] {dag.py:2273} INFO - Setting next_dagrun for survey to 2021-12-28 00:00:00+00:00
[2021-12-28 03:07:29,505] {scheduler_job.py:190} INFO - Processing /opt/airflow/dags/survey.py took 1.839 seconds
[2021-12-28 03:07:59,638] {scheduler_job.py:182} INFO - Started process (PID=159) to work on /opt/airflow/dags/survey.py
[2021-12-28 03:07:59,639] {scheduler_job.py:629} INFO - Processing file /opt/airflow/dags/survey.py for tasks to queue
[2021-12-28 03:07:59,640] {logging_mixin.py:104} INFO - [2021-12-28 03:07:59,640] {dagbag.py:448} INFO - Filling up the DagBag from /opt/airflow/dags/survey.py
[2021-12-28 03:08:00,106] {logging_mixin.py:104} WARNING - /home/airflow/.local/lib/python3.6/site-packages/airflow/utils/decorators.py:94 DeprecationWarning: provide_context is deprecated as of 2.0 and is no longer required
[2021-12-28 03:08:00,116] {scheduler_job.py:639} INFO - DAG(s) dict_keys(['survey']) retrieved from /opt/airflow/dags/survey.py
[2021-12-28 03:08:00,123] {logging_mixin.py:104} INFO - [2021-12-28 03:08:00,123] {dag.py:1818} INFO - Sync 1 DAGs
[2021-12-28 03:08:00,140] {logging_mixin.py:104} INFO - [2021-12-28 03:08:00,140] {dag.py:2273} INFO - Setting next_dagrun for survey to 2021-12-28 00:00:00+00:00
[2021-12-28 03:08:00,149] {scheduler_job.py:190} INFO - Processing /opt/airflow/dags/survey.py took 0.514 seconds
[2021-12-28 03:08:30,224] {scheduler_job.py:182} INFO - Started process (PID=161) to work on /opt/airflow/dags/survey.py
[2021-12-28 03:08:30,226] {scheduler_job.py:629} INFO - Processing file /opt/airflow/dags/survey.py for tasks to queue
[2021-12-28 03:08:30,227] {logging_mixin.py:104} INFO - [2021-12-28 03:08:30,227] {dagbag.py:448} INFO - Filling up the DagBag from /opt/airflow/dags/survey.py
[2021-12-28 03:08:30,600] {logging_mixin.py:104} WARNING - /home/airflow/.local/lib/python3.6/site-packages/airflow/utils/decorators.py:94 DeprecationWarning: provide_context is deprecated as of 2.0 and is no longer required
[2021-12-28 03:08:30,607] {scheduler_job.py:639} INFO - DAG(s) dict_keys(['survey']) retrieved from /opt/airflow/dags/survey.py
[2021-12-28 03:08:30,615] {logging_mixin.py:104} INFO - [2021-12-28 03:08:30,615] {dag.py:1818} INFO - Sync 1 DAGs
[2021-12-28 03:08:30,630] {logging_mixin.py:104} INFO - [2021-12-28 03:08:30,630] {dag.py:2273} INFO - Setting next_dagrun for survey to 2021-12-28 00:00:00+00:00
[2021-12-28 03:08:30,639] {scheduler_job.py:190} INFO - Processing /opt/airflow/dags/survey.py took 0.418 seconds
[2021-12-28 03:09:00,862] {scheduler_job.py:182} INFO - Started process (PID=163) to work on /opt/airflow/dags/survey.py
[2021-12-28 03:09:00,864] {scheduler_job.py:629} INFO - Processing file /opt/airflow/dags/survey.py for tasks to queue
[2021-12-28 03:09:00,865] {logging_mixin.py:104} INFO - [2021-12-28 03:09:00,865] {dagbag.py:448} INFO - Filling up the DagBag from /opt/airflow/dags/survey.py
[2021-12-28 03:09:01,251] {logging_mixin.py:104} WARNING - /home/airflow/.local/lib/python3.6/site-packages/airflow/utils/decorators.py:94 DeprecationWarning: provide_context is deprecated as of 2.0 and is no longer required
[2021-12-28 03:09:01,259] {scheduler_job.py:639} INFO - DAG(s) dict_keys(['survey']) retrieved from /opt/airflow/dags/survey.py
[2021-12-28 03:09:01,267] {logging_mixin.py:104} INFO - [2021-12-28 03:09:01,267] {dag.py:1818} INFO - Sync 1 DAGs
[2021-12-28 03:09:01,283] {logging_mixin.py:104} INFO - [2021-12-28 03:09:01,283] {dag.py:2273} INFO - Setting next_dagrun for survey to 2021-12-28 00:00:00+00:00
[2021-12-28 03:09:01,292] {scheduler_job.py:190} INFO - Processing /opt/airflow/dags/survey.py took 0.433 seconds
[2021-12-28 03:09:31,351] {scheduler_job.py:182} INFO - Started process (PID=165) to work on /opt/airflow/dags/survey.py
[2021-12-28 03:09:31,352] {scheduler_job.py:629} INFO - Processing file /opt/airflow/dags/survey.py for tasks to queue
[2021-12-28 03:09:31,353] {logging_mixin.py:104} INFO - [2021-12-28 03:09:31,353] {dagbag.py:448} INFO - Filling up the DagBag from /opt/airflow/dags/survey.py
[2021-12-28 03:09:31,762] {logging_mixin.py:104} WARNING - /home/airflow/.local/lib/python3.6/site-packages/airflow/utils/decorators.py:94 DeprecationWarning: provide_context is deprecated as of 2.0 and is no longer required
[2021-12-28 03:09:31,770] {scheduler_job.py:639} INFO - DAG(s) dict_keys(['survey']) retrieved from /opt/airflow/dags/survey.py
[2021-12-28 03:09:31,778] {logging_mixin.py:104} INFO - [2021-12-28 03:09:31,778] {dag.py:1818} INFO - Sync 1 DAGs
[2021-12-28 03:09:31,794] {logging_mixin.py:104} INFO - [2021-12-28 03:09:31,793] {dag.py:2273} INFO - Setting next_dagrun for survey to 2021-12-28 00:00:00+00:00
[2021-12-28 03:09:31,803] {scheduler_job.py:190} INFO - Processing /opt/airflow/dags/survey.py took 0.455 seconds
[2021-12-28 03:10:02,515] {scheduler_job.py:182} INFO - Started process (PID=167) to work on /opt/airflow/dags/survey.py
[2021-12-28 03:10:02,517] {scheduler_job.py:629} INFO - Processing file /opt/airflow/dags/survey.py for tasks to queue
[2021-12-28 03:10:02,518] {logging_mixin.py:104} INFO - [2021-12-28 03:10:02,518] {dagbag.py:448} INFO - Filling up the DagBag from /opt/airflow/dags/survey.py
[2021-12-28 03:10:03,278] {logging_mixin.py:104} WARNING - /home/airflow/.local/lib/python3.6/site-packages/airflow/utils/decorators.py:94 DeprecationWarning: provide_context is deprecated as of 2.0 and is no longer required
[2021-12-28 03:10:03,291] {scheduler_job.py:639} INFO - DAG(s) dict_keys(['survey']) retrieved from /opt/airflow/dags/survey.py
[2021-12-28 03:10:03,306] {logging_mixin.py:104} INFO - [2021-12-28 03:10:03,305] {dag.py:1818} INFO - Sync 1 DAGs
[2021-12-28 03:10:03,336] {logging_mixin.py:104} INFO - [2021-12-28 03:10:03,336] {dag.py:2273} INFO - Setting next_dagrun for survey to 2021-12-28 00:00:00+00:00
[2021-12-28 03:10:03,348] {scheduler_job.py:190} INFO - Processing /opt/airflow/dags/survey.py took 0.837 seconds
[2021-12-28 03:10:33,439] {scheduler_job.py:182} INFO - Started process (PID=169) to work on /opt/airflow/dags/survey.py
[2021-12-28 03:10:33,441] {scheduler_job.py:629} INFO - Processing file /opt/airflow/dags/survey.py for tasks to queue
[2021-12-28 03:10:33,442] {logging_mixin.py:104} INFO - [2021-12-28 03:10:33,441] {dagbag.py:448} INFO - Filling up the DagBag from /opt/airflow/dags/survey.py
[2021-12-28 03:10:33,821] {logging_mixin.py:104} WARNING - /home/airflow/.local/lib/python3.6/site-packages/airflow/utils/decorators.py:94 DeprecationWarning: provide_context is deprecated as of 2.0 and is no longer required
[2021-12-28 03:10:33,830] {scheduler_job.py:639} INFO - DAG(s) dict_keys(['survey']) retrieved from /opt/airflow/dags/survey.py
[2021-12-28 03:10:33,839] {logging_mixin.py:104} INFO - [2021-12-28 03:10:33,839] {dag.py:1818} INFO - Sync 1 DAGs
[2021-12-28 03:10:33,858] {logging_mixin.py:104} INFO - [2021-12-28 03:10:33,858] {dag.py:2273} INFO - Setting next_dagrun for survey to 2021-12-28 00:00:00+00:00
[2021-12-28 03:10:33,866] {scheduler_job.py:190} INFO - Processing /opt/airflow/dags/survey.py took 0.430 seconds
[2021-12-28 03:11:03,993] {scheduler_job.py:182} INFO - Started process (PID=171) to work on /opt/airflow/dags/survey.py
[2021-12-28 03:11:03,995] {scheduler_job.py:629} INFO - Processing file /opt/airflow/dags/survey.py for tasks to queue
[2021-12-28 03:11:03,996] {logging_mixin.py:104} INFO - [2021-12-28 03:11:03,996] {dagbag.py:448} INFO - Filling up the DagBag from /opt/airflow/dags/survey.py
[2021-12-28 03:11:04,853] {logging_mixin.py:104} WARNING - /home/airflow/.local/lib/python3.6/site-packages/airflow/utils/decorators.py:94 DeprecationWarning: provide_context is deprecated as of 2.0 and is no longer required
[2021-12-28 03:11:04,884] {scheduler_job.py:639} INFO - DAG(s) dict_keys(['survey']) retrieved from /opt/airflow/dags/survey.py
[2021-12-28 03:11:04,904] {logging_mixin.py:104} INFO - [2021-12-28 03:11:04,904] {dag.py:1818} INFO - Sync 1 DAGs
[2021-12-28 03:11:04,942] {logging_mixin.py:104} INFO - [2021-12-28 03:11:04,942] {dag.py:2273} INFO - Setting next_dagrun for survey to 2021-12-28 00:00:00+00:00
[2021-12-28 03:11:04,960] {scheduler_job.py:190} INFO - Processing /opt/airflow/dags/survey.py took 0.972 seconds
[2021-12-28 03:11:35,217] {scheduler_job.py:182} INFO - Started process (PID=173) to work on /opt/airflow/dags/survey.py
[2021-12-28 03:11:35,219] {scheduler_job.py:629} INFO - Processing file /opt/airflow/dags/survey.py for tasks to queue
[2021-12-28 03:11:35,220] {logging_mixin.py:104} INFO - [2021-12-28 03:11:35,219] {dagbag.py:448} INFO - Filling up the DagBag from /opt/airflow/dags/survey.py
[2021-12-28 03:11:35,939] {logging_mixin.py:104} WARNING - /home/airflow/.local/lib/python3.6/site-packages/airflow/utils/decorators.py:94 DeprecationWarning: provide_context is deprecated as of 2.0 and is no longer required
[2021-12-28 03:11:35,953] {scheduler_job.py:639} INFO - DAG(s) dict_keys(['survey']) retrieved from /opt/airflow/dags/survey.py
[2021-12-28 03:11:35,967] {logging_mixin.py:104} INFO - [2021-12-28 03:11:35,967] {dag.py:1818} INFO - Sync 1 DAGs
[2021-12-28 03:11:36,000] {logging_mixin.py:104} INFO - [2021-12-28 03:11:36,000] {dag.py:2273} INFO - Setting next_dagrun for survey to 2021-12-28 00:00:00+00:00
[2021-12-28 03:11:36,012] {scheduler_job.py:190} INFO - Processing /opt/airflow/dags/survey.py took 0.802 seconds
[2021-12-28 03:12:06,133] {scheduler_job.py:182} INFO - Started process (PID=175) to work on /opt/airflow/dags/survey.py
[2021-12-28 03:12:06,154] {scheduler_job.py:629} INFO - Processing file /opt/airflow/dags/survey.py for tasks to queue
[2021-12-28 03:12:06,161] {logging_mixin.py:104} INFO - [2021-12-28 03:12:06,161] {dagbag.py:448} INFO - Filling up the DagBag from /opt/airflow/dags/survey.py
[2021-12-28 03:12:08,200] {logging_mixin.py:104} WARNING - /home/airflow/.local/lib/python3.6/site-packages/airflow/utils/decorators.py:94 DeprecationWarning: provide_context is deprecated as of 2.0 and is no longer required
[2021-12-28 03:12:08,221] {scheduler_job.py:639} INFO - DAG(s) dict_keys(['survey']) retrieved from /opt/airflow/dags/survey.py
[2021-12-28 03:12:08,248] {logging_mixin.py:104} INFO - [2021-12-28 03:12:08,247] {dag.py:1818} INFO - Sync 1 DAGs
[2021-12-28 03:12:08,307] {logging_mixin.py:104} INFO - [2021-12-28 03:12:08,307] {dag.py:2273} INFO - Setting next_dagrun for survey to 2021-12-28 00:00:00+00:00
[2021-12-28 03:12:08,329] {scheduler_job.py:190} INFO - Processing /opt/airflow/dags/survey.py took 2.216 seconds
[2021-12-28 03:12:38,549] {scheduler_job.py:182} INFO - Started process (PID=176) to work on /opt/airflow/dags/survey.py
[2021-12-28 03:12:38,553] {scheduler_job.py:629} INFO - Processing file /opt/airflow/dags/survey.py for tasks to queue
[2021-12-28 03:12:38,556] {logging_mixin.py:104} INFO - [2021-12-28 03:12:38,555] {dagbag.py:448} INFO - Filling up the DagBag from /opt/airflow/dags/survey.py
[2021-12-28 03:12:40,225] {logging_mixin.py:104} WARNING - /home/airflow/.local/lib/python3.6/site-packages/airflow/utils/decorators.py:94 DeprecationWarning: provide_context is deprecated as of 2.0 and is no longer required
[2021-12-28 03:12:40,267] {scheduler_job.py:639} INFO - DAG(s) dict_keys(['survey']) retrieved from /opt/airflow/dags/survey.py
[2021-12-28 03:12:40,338] {logging_mixin.py:104} INFO - [2021-12-28 03:12:40,337] {dag.py:1818} INFO - Sync 1 DAGs
[2021-12-28 03:12:40,460] {logging_mixin.py:104} INFO - [2021-12-28 03:12:40,459] {dag.py:2273} INFO - Setting next_dagrun for survey to 2021-12-28 00:00:00+00:00
[2021-12-28 03:12:40,487] {scheduler_job.py:190} INFO - Processing /opt/airflow/dags/survey.py took 1.949 seconds
[2021-12-28 03:13:10,753] {scheduler_job.py:182} INFO - Started process (PID=178) to work on /opt/airflow/dags/survey.py
[2021-12-28 03:13:10,756] {scheduler_job.py:629} INFO - Processing file /opt/airflow/dags/survey.py for tasks to queue
[2021-12-28 03:13:10,758] {logging_mixin.py:104} INFO - [2021-12-28 03:13:10,758] {dagbag.py:448} INFO - Filling up the DagBag from /opt/airflow/dags/survey.py
[2021-12-28 03:13:11,726] {logging_mixin.py:104} WARNING - /home/airflow/.local/lib/python3.6/site-packages/airflow/utils/decorators.py:94 DeprecationWarning: provide_context is deprecated as of 2.0 and is no longer required
[2021-12-28 03:13:11,740] {scheduler_job.py:639} INFO - DAG(s) dict_keys(['survey']) retrieved from /opt/airflow/dags/survey.py
[2021-12-28 03:13:11,752] {logging_mixin.py:104} INFO - [2021-12-28 03:13:11,752] {dag.py:1818} INFO - Sync 1 DAGs
[2021-12-28 03:13:11,779] {logging_mixin.py:104} INFO - [2021-12-28 03:13:11,779] {dag.py:2273} INFO - Setting next_dagrun for survey to 2021-12-28 00:00:00+00:00
[2021-12-28 03:13:11,791] {scheduler_job.py:190} INFO - Processing /opt/airflow/dags/survey.py took 1.046 seconds
[2021-12-28 03:13:41,926] {scheduler_job.py:182} INFO - Started process (PID=180) to work on /opt/airflow/dags/survey.py
[2021-12-28 03:13:41,931] {scheduler_job.py:629} INFO - Processing file /opt/airflow/dags/survey.py for tasks to queue
[2021-12-28 03:13:41,934] {logging_mixin.py:104} INFO - [2021-12-28 03:13:41,934] {dagbag.py:448} INFO - Filling up the DagBag from /opt/airflow/dags/survey.py
[2021-12-28 03:13:43,470] {logging_mixin.py:104} WARNING - /home/airflow/.local/lib/python3.6/site-packages/airflow/utils/decorators.py:94 DeprecationWarning: provide_context is deprecated as of 2.0 and is no longer required
[2021-12-28 03:13:43,491] {scheduler_job.py:639} INFO - DAG(s) dict_keys(['survey']) retrieved from /opt/airflow/dags/survey.py
[2021-12-28 03:13:43,515] {logging_mixin.py:104} INFO - [2021-12-28 03:13:43,514] {dag.py:1818} INFO - Sync 1 DAGs
[2021-12-28 03:13:43,572] {logging_mixin.py:104} INFO - [2021-12-28 03:13:43,571] {dag.py:2273} INFO - Setting next_dagrun for survey to 2021-12-28 00:00:00+00:00
[2021-12-28 03:13:43,612] {scheduler_job.py:190} INFO - Processing /opt/airflow/dags/survey.py took 1.701 seconds
[2021-12-28 03:14:14,009] {scheduler_job.py:182} INFO - Started process (PID=182) to work on /opt/airflow/dags/survey.py
[2021-12-28 03:14:14,010] {scheduler_job.py:629} INFO - Processing file /opt/airflow/dags/survey.py for tasks to queue
[2021-12-28 03:14:14,011] {logging_mixin.py:104} INFO - [2021-12-28 03:14:14,011] {dagbag.py:448} INFO - Filling up the DagBag from /opt/airflow/dags/survey.py
[2021-12-28 03:14:14,461] {logging_mixin.py:104} WARNING - /home/airflow/.local/lib/python3.6/site-packages/airflow/utils/decorators.py:94 DeprecationWarning: provide_context is deprecated as of 2.0 and is no longer required
[2021-12-28 03:14:14,470] {scheduler_job.py:639} INFO - DAG(s) dict_keys(['survey']) retrieved from /opt/airflow/dags/survey.py
[2021-12-28 03:14:14,480] {logging_mixin.py:104} INFO - [2021-12-28 03:14:14,480] {dag.py:1818} INFO - Sync 1 DAGs
[2021-12-28 03:14:14,500] {logging_mixin.py:104} INFO - [2021-12-28 03:14:14,500] {dag.py:2273} INFO - Setting next_dagrun for survey to 2021-12-28 00:00:00+00:00
[2021-12-28 03:14:14,511] {scheduler_job.py:190} INFO - Processing /opt/airflow/dags/survey.py took 0.505 seconds
[2021-12-28 03:14:44,652] {scheduler_job.py:182} INFO - Started process (PID=184) to work on /opt/airflow/dags/survey.py
[2021-12-28 03:14:44,653] {scheduler_job.py:629} INFO - Processing file /opt/airflow/dags/survey.py for tasks to queue
[2021-12-28 03:14:44,654] {logging_mixin.py:104} INFO - [2021-12-28 03:14:44,654] {dagbag.py:448} INFO - Filling up the DagBag from /opt/airflow/dags/survey.py
[2021-12-28 03:14:45,196] {logging_mixin.py:104} WARNING - /home/airflow/.local/lib/python3.6/site-packages/airflow/utils/decorators.py:94 DeprecationWarning: provide_context is deprecated as of 2.0 and is no longer required
[2021-12-28 03:14:45,209] {scheduler_job.py:639} INFO - DAG(s) dict_keys(['survey']) retrieved from /opt/airflow/dags/survey.py
[2021-12-28 03:14:45,222] {logging_mixin.py:104} INFO - [2021-12-28 03:14:45,222] {dag.py:1818} INFO - Sync 1 DAGs
[2021-12-28 03:14:45,250] {logging_mixin.py:104} INFO - [2021-12-28 03:14:45,250] {dag.py:2273} INFO - Setting next_dagrun for survey to 2021-12-28 00:00:00+00:00
[2021-12-28 03:14:45,262] {scheduler_job.py:190} INFO - Processing /opt/airflow/dags/survey.py took 0.613 seconds
