[2021-12-27 05:02:39,051] {taskinstance.py:851} INFO - Dependencies all met for <TaskInstance: data_transform.connect_minio 2021-12-27T05:02:14.122084+00:00 [queued]>
[2021-12-27 05:02:39,117] {taskinstance.py:851} INFO - Dependencies all met for <TaskInstance: data_transform.connect_minio 2021-12-27T05:02:14.122084+00:00 [queued]>
[2021-12-27 05:02:39,119] {taskinstance.py:1042} INFO - 
--------------------------------------------------------------------------------
[2021-12-27 05:02:39,120] {taskinstance.py:1043} INFO - Starting attempt 1 of 1
[2021-12-27 05:02:39,122] {taskinstance.py:1044} INFO - 
--------------------------------------------------------------------------------
[2021-12-27 05:02:39,170] {taskinstance.py:1063} INFO - Executing <Task(PythonOperator): connect_minio> on 2021-12-27T05:02:14.122084+00:00
[2021-12-27 05:02:39,187] {standard_task_runner.py:52} INFO - Started process 92 to run task
[2021-12-27 05:02:39,212] {standard_task_runner.py:76} INFO - Running: ['airflow', 'tasks', 'run', 'data_transform', 'connect_minio', '2021-12-27T05:02:14.122084+00:00', '--job-id', '13', '--pool', 'default_pool', '--raw', '--subdir', 'DAGS_FOLDER/data_transform.py', '--cfg-path', '/tmp/tmphclnluy0', '--error-file', '/tmp/tmp1aqbn0lu']
[2021-12-27 05:02:39,215] {standard_task_runner.py:77} INFO - Job 13: Subtask connect_minio
[2021-12-27 05:02:39,458] {logging_mixin.py:104} INFO - Running <TaskInstance: data_transform.connect_minio 2021-12-27T05:02:14.122084+00:00 [running]> on host 5bb2b5ffa55c
[2021-12-27 05:02:39,638] {taskinstance.py:1257} INFO - Exporting the following env vars:
AIRFLOW_CTX_DAG_OWNER=airflow
AIRFLOW_CTX_DAG_ID=data_transform
AIRFLOW_CTX_TASK_ID=connect_minio
AIRFLOW_CTX_EXECUTION_DATE=2021-12-27T05:02:14.122084+00:00
AIRFLOW_CTX_DAG_RUN_ID=manual__2021-12-27T05:02:14.122084+00:00
[2021-12-27 05:02:40,895] {logging_mixin.py:104} INFO - \60667c4c80a467001c362a86/bigram.txt None
[2021-12-27 05:02:40,957] {logging_mixin.py:104} INFO - \60667c4c80a467001c362a86/trigram.txt None
[2021-12-27 05:02:41,065] {logging_mixin.py:104} INFO - \60667c4c80a467001c362a86/unigram.txt None
[2021-12-27 05:02:41,548] {logging_mixin.py:104} INFO - \60667c5980a467001c362a87/bigram.txt None
[2021-12-27 05:02:41,663] {logging_mixin.py:104} INFO - \60667c5980a467001c362a87/trigram.txt None
[2021-12-27 05:02:41,889] {logging_mixin.py:104} INFO - \60667c5980a467001c362a87/unigram.txt None
[2021-12-27 05:02:42,041] {logging_mixin.py:104} INFO - \60667c6380a467001c362a88/bigram.txt None
[2021-12-27 05:02:42,084] {logging_mixin.py:104} INFO - \60667c6380a467001c362a88/trigram.txt None
[2021-12-27 05:02:42,165] {logging_mixin.py:104} INFO - \60667c6380a467001c362a88/unigram.txt None
[2021-12-27 05:02:42,225] {logging_mixin.py:104} INFO - \60667d1480a467001c362a95/bigram.txt None
[2021-12-27 05:02:42,265] {logging_mixin.py:104} INFO - \60667d1480a467001c362a95/trigram.txt None
[2021-12-27 05:02:42,310] {logging_mixin.py:104} INFO - \60667d1480a467001c362a95/unigram.txt None
[2021-12-27 05:02:42,358] {logging_mixin.py:104} INFO - \606759aed9c559001ce9b6cf/bigram.txt None
[2021-12-27 05:02:42,405] {logging_mixin.py:104} INFO - \606759aed9c559001ce9b6cf/trigram.txt None
[2021-12-27 05:02:42,457] {logging_mixin.py:104} INFO - \606759aed9c559001ce9b6cf/unigram.txt None
[2021-12-27 05:02:42,464] {python.py:118} INFO - Done. Returned value was: None
[2021-12-27 05:02:42,500] {taskinstance.py:1166} INFO - Marking task as SUCCESS. dag_id=data_transform, task_id=connect_minio, execution_date=20211227T050214, start_date=20211227T050239, end_date=20211227T050242
[2021-12-27 05:02:42,653] {taskinstance.py:1220} INFO - 1 downstream tasks scheduled from follow-on schedule check
[2021-12-27 05:02:42,694] {local_task_job.py:146} INFO - Task exited with return code 0
