[2021-12-27 04:36:46,495] {taskinstance.py:851} INFO - Dependencies all met for <TaskInstance: data_transform.connect_mongo_postgress 2021-12-26T00:00:00+00:00 [queued]>
[2021-12-27 04:36:46,520] {taskinstance.py:851} INFO - Dependencies all met for <TaskInstance: data_transform.connect_mongo_postgress 2021-12-26T00:00:00+00:00 [queued]>
[2021-12-27 04:36:46,521] {taskinstance.py:1042} INFO - 
--------------------------------------------------------------------------------
[2021-12-27 04:36:46,522] {taskinstance.py:1043} INFO - Starting attempt 1 of 1
[2021-12-27 04:36:46,522] {taskinstance.py:1044} INFO - 
--------------------------------------------------------------------------------
[2021-12-27 04:36:46,552] {taskinstance.py:1063} INFO - Executing <Task(PythonOperator): connect_mongo_postgress> on 2021-12-26T00:00:00+00:00
[2021-12-27 04:36:46,563] {standard_task_runner.py:52} INFO - Started process 49 to run task
[2021-12-27 04:36:46,582] {standard_task_runner.py:76} INFO - Running: ['airflow', 'tasks', 'run', 'data_transform', 'connect_mongo_postgress', '2021-12-26T00:00:00+00:00', '--job-id', '4', '--pool', 'default_pool', '--raw', '--subdir', 'DAGS_FOLDER/data_transform.py', '--cfg-path', '/tmp/tmpfjg2o581', '--error-file', '/tmp/tmp4vksjugn']
[2021-12-27 04:36:46,583] {standard_task_runner.py:77} INFO - Job 4: Subtask connect_mongo_postgress
[2021-12-27 04:36:46,704] {logging_mixin.py:104} INFO - Running <TaskInstance: data_transform.connect_mongo_postgress 2021-12-26T00:00:00+00:00 [running]> on host 5bb2b5ffa55c
[2021-12-27 04:36:46,826] {taskinstance.py:1257} INFO - Exporting the following env vars:
AIRFLOW_CTX_DAG_OWNER=airflow
AIRFLOW_CTX_DAG_ID=data_transform
AIRFLOW_CTX_TASK_ID=connect_mongo_postgress
AIRFLOW_CTX_EXECUTION_DATE=2021-12-26T00:00:00+00:00
AIRFLOW_CTX_DAG_RUN_ID=scheduled__2021-12-26T00:00:00+00:00
[2021-12-27 04:36:51,008] {python.py:118} INFO - Done. Returned value was: Mongo Postgress Done
[2021-12-27 04:36:53,850] {taskinstance.py:1166} INFO - Marking task as SUCCESS. dag_id=data_transform, task_id=connect_mongo_postgress, execution_date=20211226T000000, start_date=20211227T043646, end_date=20211227T043653
[2021-12-27 04:36:54,493] {taskinstance.py:1220} INFO - 1 downstream tasks scheduled from follow-on schedule check
[2021-12-27 04:36:54,530] {local_task_job.py:146} INFO - Task exited with return code 0
[2021-12-27 09:21:16,274] {taskinstance.py:851} INFO - Dependencies all met for <TaskInstance: data_transform.connect_mongo_postgress 2021-12-26T00:00:00+00:00 [queued]>
[2021-12-27 09:21:16,289] {taskinstance.py:851} INFO - Dependencies all met for <TaskInstance: data_transform.connect_mongo_postgress 2021-12-26T00:00:00+00:00 [queued]>
[2021-12-27 09:21:16,289] {taskinstance.py:1042} INFO - 
--------------------------------------------------------------------------------
[2021-12-27 09:21:16,290] {taskinstance.py:1043} INFO - Starting attempt 1 of 1
[2021-12-27 09:21:16,290] {taskinstance.py:1044} INFO - 
--------------------------------------------------------------------------------
[2021-12-27 09:21:16,304] {taskinstance.py:1063} INFO - Executing <Task(PythonOperator): connect_mongo_postgress> on 2021-12-26T00:00:00+00:00
[2021-12-27 09:21:16,345] {standard_task_runner.py:52} INFO - Started process 159 to run task
[2021-12-27 09:21:16,349] {standard_task_runner.py:76} INFO - Running: ['airflow', 'tasks', 'run', 'data_transform', 'connect_mongo_postgress', '2021-12-26T00:00:00+00:00', '--job-id', '46', '--pool', 'default_pool', '--raw', '--subdir', 'DAGS_FOLDER/data_transform.py', '--cfg-path', '/tmp/tmpi_u7pdls', '--error-file', '/tmp/tmpm9zffeez']
[2021-12-27 09:21:16,350] {standard_task_runner.py:77} INFO - Job 46: Subtask connect_mongo_postgress
[2021-12-27 09:21:16,412] {logging_mixin.py:104} INFO - Running <TaskInstance: data_transform.connect_mongo_postgress 2021-12-26T00:00:00+00:00 [running]> on host 5bb2b5ffa55c
[2021-12-27 09:21:16,452] {taskinstance.py:1257} INFO - Exporting the following env vars:
AIRFLOW_CTX_DAG_OWNER=airflow
AIRFLOW_CTX_DAG_ID=data_transform
AIRFLOW_CTX_TASK_ID=connect_mongo_postgress
AIRFLOW_CTX_EXECUTION_DATE=2021-12-26T00:00:00+00:00
AIRFLOW_CTX_DAG_RUN_ID=scheduled__2021-12-26T00:00:00+00:00
[2021-12-27 09:21:17,842] {python.py:118} INFO - Done. Returned value was: Mongo Postgress Done
[2021-12-27 09:21:17,888] {taskinstance.py:1166} INFO - Marking task as SUCCESS. dag_id=data_transform, task_id=connect_mongo_postgress, execution_date=20211226T000000, start_date=20211227T092116, end_date=20211227T092117
[2021-12-27 09:21:17,919] {taskinstance.py:1220} INFO - 1 downstream tasks scheduled from follow-on schedule check
[2021-12-27 09:21:17,935] {local_task_job.py:146} INFO - Task exited with return code 0
[2021-12-27 09:28:12,105] {taskinstance.py:851} INFO - Dependencies all met for <TaskInstance: data_transform.connect_mongo_postgress 2021-12-26T00:00:00+00:00 [queued]>
[2021-12-27 09:28:12,234] {taskinstance.py:851} INFO - Dependencies all met for <TaskInstance: data_transform.connect_mongo_postgress 2021-12-26T00:00:00+00:00 [queued]>
[2021-12-27 09:28:12,235] {taskinstance.py:1042} INFO - 
--------------------------------------------------------------------------------
[2021-12-27 09:28:12,235] {taskinstance.py:1043} INFO - Starting attempt 1 of 1
[2021-12-27 09:28:12,235] {taskinstance.py:1044} INFO - 
--------------------------------------------------------------------------------
[2021-12-27 09:28:12,256] {taskinstance.py:1063} INFO - Executing <Task(PythonOperator): connect_mongo_postgress> on 2021-12-26T00:00:00+00:00
[2021-12-27 09:28:12,264] {standard_task_runner.py:52} INFO - Started process 169 to run task
[2021-12-27 09:28:12,270] {standard_task_runner.py:76} INFO - Running: ['airflow', 'tasks', 'run', 'data_transform', 'connect_mongo_postgress', '2021-12-26T00:00:00+00:00', '--job-id', '48', '--pool', 'default_pool', '--raw', '--subdir', 'DAGS_FOLDER/data_transform.py', '--cfg-path', '/tmp/tmp_j1o1_sx', '--error-file', '/tmp/tmp00d1j378']
[2021-12-27 09:28:12,270] {standard_task_runner.py:77} INFO - Job 48: Subtask connect_mongo_postgress
[2021-12-27 09:28:12,342] {logging_mixin.py:104} INFO - Running <TaskInstance: data_transform.connect_mongo_postgress 2021-12-26T00:00:00+00:00 [running]> on host 5bb2b5ffa55c
[2021-12-27 09:28:12,398] {taskinstance.py:1257} INFO - Exporting the following env vars:
AIRFLOW_CTX_DAG_OWNER=airflow
AIRFLOW_CTX_DAG_ID=data_transform
AIRFLOW_CTX_TASK_ID=connect_mongo_postgress
AIRFLOW_CTX_EXECUTION_DATE=2021-12-26T00:00:00+00:00
AIRFLOW_CTX_DAG_RUN_ID=scheduled__2021-12-26T00:00:00+00:00
[2021-12-27 09:28:13,120] {python.py:118} INFO - Done. Returned value was: Mongo Postgress Done
[2021-12-27 09:28:13,153] {taskinstance.py:1166} INFO - Marking task as SUCCESS. dag_id=data_transform, task_id=connect_mongo_postgress, execution_date=20211226T000000, start_date=20211227T092812, end_date=20211227T092813
[2021-12-27 09:28:13,187] {taskinstance.py:1220} INFO - 1 downstream tasks scheduled from follow-on schedule check
[2021-12-27 09:28:13,242] {local_task_job.py:146} INFO - Task exited with return code 0
[2021-12-27 09:31:51,276] {taskinstance.py:851} INFO - Dependencies all met for <TaskInstance: data_transform.connect_mongo_postgress 2021-12-26T00:00:00+00:00 [queued]>
[2021-12-27 09:31:51,294] {taskinstance.py:851} INFO - Dependencies all met for <TaskInstance: data_transform.connect_mongo_postgress 2021-12-26T00:00:00+00:00 [queued]>
[2021-12-27 09:31:51,295] {taskinstance.py:1042} INFO - 
--------------------------------------------------------------------------------
[2021-12-27 09:31:51,296] {taskinstance.py:1043} INFO - Starting attempt 1 of 1
[2021-12-27 09:31:51,296] {taskinstance.py:1044} INFO - 
--------------------------------------------------------------------------------
[2021-12-27 09:31:51,320] {taskinstance.py:1063} INFO - Executing <Task(PythonOperator): connect_mongo_postgress> on 2021-12-26T00:00:00+00:00
[2021-12-27 09:31:51,326] {standard_task_runner.py:52} INFO - Started process 179 to run task
[2021-12-27 09:31:51,335] {standard_task_runner.py:76} INFO - Running: ['airflow', 'tasks', 'run', 'data_transform', 'connect_mongo_postgress', '2021-12-26T00:00:00+00:00', '--job-id', '50', '--pool', 'default_pool', '--raw', '--subdir', 'DAGS_FOLDER/data_transform.py', '--cfg-path', '/tmp/tmpbzf9f_oo', '--error-file', '/tmp/tmpk53t16oc']
[2021-12-27 09:31:51,336] {standard_task_runner.py:77} INFO - Job 50: Subtask connect_mongo_postgress
[2021-12-27 09:31:51,416] {logging_mixin.py:104} INFO - Running <TaskInstance: data_transform.connect_mongo_postgress 2021-12-26T00:00:00+00:00 [running]> on host 5bb2b5ffa55c
[2021-12-27 09:31:51,474] {taskinstance.py:1257} INFO - Exporting the following env vars:
AIRFLOW_CTX_DAG_OWNER=airflow
AIRFLOW_CTX_DAG_ID=data_transform
AIRFLOW_CTX_TASK_ID=connect_mongo_postgress
AIRFLOW_CTX_EXECUTION_DATE=2021-12-26T00:00:00+00:00
AIRFLOW_CTX_DAG_RUN_ID=scheduled__2021-12-26T00:00:00+00:00
[2021-12-27 09:31:52,257] {python.py:118} INFO - Done. Returned value was: Mongo Postgress Done
[2021-12-27 09:31:52,299] {taskinstance.py:1166} INFO - Marking task as SUCCESS. dag_id=data_transform, task_id=connect_mongo_postgress, execution_date=20211226T000000, start_date=20211227T093151, end_date=20211227T093152
[2021-12-27 09:31:52,339] {taskinstance.py:1220} INFO - 1 downstream tasks scheduled from follow-on schedule check
[2021-12-27 09:31:52,373] {local_task_job.py:146} INFO - Task exited with return code 0
