[2021-12-27 04:42:24,013] {taskinstance.py:851} INFO - Dependencies all met for <TaskInstance: data_transform.connect_mongo_postgress 2021-12-26T00:00:00+00:00 [queued]>
[2021-12-27 04:42:24,135] {taskinstance.py:851} INFO - Dependencies all met for <TaskInstance: data_transform.connect_mongo_postgress 2021-12-26T00:00:00+00:00 [queued]>
[2021-12-27 04:42:24,136] {taskinstance.py:1042} INFO - 
--------------------------------------------------------------------------------
[2021-12-27 04:42:24,136] {taskinstance.py:1043} INFO - Starting attempt 2 of 2
[2021-12-27 04:42:24,137] {taskinstance.py:1044} INFO - 
--------------------------------------------------------------------------------
[2021-12-27 04:42:24,247] {taskinstance.py:1063} INFO - Executing <Task(PythonOperator): connect_mongo_postgress> on 2021-12-26T00:00:00+00:00
[2021-12-27 04:42:24,253] {standard_task_runner.py:52} INFO - Started process 69 to run task
[2021-12-27 04:42:24,259] {standard_task_runner.py:76} INFO - Running: ['airflow', 'tasks', 'run', 'data_transform', 'connect_mongo_postgress', '2021-12-26T00:00:00+00:00', '--job-id', '8', '--pool', 'default_pool', '--raw', '--subdir', 'DAGS_FOLDER/data_transform.py', '--cfg-path', '/tmp/tmpbopa2ssa', '--error-file', '/tmp/tmpwrzz8o1o']
[2021-12-27 04:42:24,260] {standard_task_runner.py:77} INFO - Job 8: Subtask connect_mongo_postgress
[2021-12-27 04:42:24,422] {logging_mixin.py:104} INFO - Running <TaskInstance: data_transform.connect_mongo_postgress 2021-12-26T00:00:00+00:00 [running]> on host 5bb2b5ffa55c
[2021-12-27 04:42:24,469] {taskinstance.py:1257} INFO - Exporting the following env vars:
AIRFLOW_CTX_DAG_OWNER=airflow
AIRFLOW_CTX_DAG_ID=data_transform
AIRFLOW_CTX_TASK_ID=connect_mongo_postgress
AIRFLOW_CTX_EXECUTION_DATE=2021-12-26T00:00:00+00:00
AIRFLOW_CTX_DAG_RUN_ID=scheduled__2021-12-26T00:00:00+00:00
[2021-12-27 04:42:24,965] {python.py:118} INFO - Done. Returned value was: Mongo Postgress Done
[2021-12-27 04:42:25,009] {taskinstance.py:1166} INFO - Marking task as SUCCESS. dag_id=data_transform, task_id=connect_mongo_postgress, execution_date=20211226T000000, start_date=20211227T044224, end_date=20211227T044225
[2021-12-27 04:42:25,049] {taskinstance.py:1220} INFO - 1 downstream tasks scheduled from follow-on schedule check
[2021-12-27 04:42:25,093] {local_task_job.py:146} INFO - Task exited with return code 0
