[2021-12-27 04:42:27,121] {taskinstance.py:851} INFO - Dependencies all met for <TaskInstance: data_transform.connect_minio 2021-12-26T00:00:00+00:00 [queued]>
[2021-12-27 04:42:27,133] {taskinstance.py:851} INFO - Dependencies all met for <TaskInstance: data_transform.connect_minio 2021-12-26T00:00:00+00:00 [queued]>
[2021-12-27 04:42:27,134] {taskinstance.py:1042} INFO - 
--------------------------------------------------------------------------------
[2021-12-27 04:42:27,134] {taskinstance.py:1043} INFO - Starting attempt 2 of 2
[2021-12-27 04:42:27,135] {taskinstance.py:1044} INFO - 
--------------------------------------------------------------------------------
[2021-12-27 04:42:27,150] {taskinstance.py:1063} INFO - Executing <Task(PythonOperator): connect_minio> on 2021-12-26T00:00:00+00:00
[2021-12-27 04:42:27,155] {standard_task_runner.py:52} INFO - Started process 74 to run task
[2021-12-27 04:42:27,161] {standard_task_runner.py:76} INFO - Running: ['airflow', 'tasks', 'run', 'data_transform', 'connect_minio', '2021-12-26T00:00:00+00:00', '--job-id', '9', '--pool', 'default_pool', '--raw', '--subdir', 'DAGS_FOLDER/data_transform.py', '--cfg-path', '/tmp/tmp4byl0v3e', '--error-file', '/tmp/tmpoy35aowf']
[2021-12-27 04:42:27,162] {standard_task_runner.py:77} INFO - Job 9: Subtask connect_minio
[2021-12-27 04:42:27,213] {logging_mixin.py:104} INFO - Running <TaskInstance: data_transform.connect_minio 2021-12-26T00:00:00+00:00 [running]> on host 5bb2b5ffa55c
[2021-12-27 04:42:27,253] {taskinstance.py:1257} INFO - Exporting the following env vars:
AIRFLOW_CTX_DAG_OWNER=airflow
AIRFLOW_CTX_DAG_ID=data_transform
AIRFLOW_CTX_TASK_ID=connect_minio
AIRFLOW_CTX_EXECUTION_DATE=2021-12-26T00:00:00+00:00
AIRFLOW_CTX_DAG_RUN_ID=scheduled__2021-12-26T00:00:00+00:00
[2021-12-27 04:42:27,738] {logging_mixin.py:104} INFO - \60667c4c80a467001c362a86/bigram.txt None
[2021-12-27 04:42:27,763] {logging_mixin.py:104} INFO - \60667c4c80a467001c362a86/trigram.txt None
[2021-12-27 04:42:27,783] {logging_mixin.py:104} INFO - \60667c4c80a467001c362a86/unigram.txt None
[2021-12-27 04:42:27,810] {logging_mixin.py:104} INFO - \60667c5980a467001c362a87/bigram.txt None
[2021-12-27 04:42:27,831] {logging_mixin.py:104} INFO - \60667c5980a467001c362a87/trigram.txt None
[2021-12-27 04:42:27,848] {logging_mixin.py:104} INFO - \60667c5980a467001c362a87/unigram.txt None
[2021-12-27 04:42:27,865] {logging_mixin.py:104} INFO - \60667c6380a467001c362a88/bigram.txt None
[2021-12-27 04:42:27,882] {logging_mixin.py:104} INFO - \60667c6380a467001c362a88/trigram.txt None
[2021-12-27 04:42:27,903] {logging_mixin.py:104} INFO - \60667c6380a467001c362a88/unigram.txt None
[2021-12-27 04:42:27,926] {logging_mixin.py:104} INFO - \60667d1480a467001c362a95/bigram.txt None
[2021-12-27 04:42:27,944] {logging_mixin.py:104} INFO - \60667d1480a467001c362a95/trigram.txt None
[2021-12-27 04:42:27,963] {logging_mixin.py:104} INFO - \60667d1480a467001c362a95/unigram.txt None
[2021-12-27 04:42:27,988] {logging_mixin.py:104} INFO - \606759aed9c559001ce9b6cf/bigram.txt None
[2021-12-27 04:42:28,010] {logging_mixin.py:104} INFO - \606759aed9c559001ce9b6cf/trigram.txt None
[2021-12-27 04:42:28,035] {logging_mixin.py:104} INFO - \606759aed9c559001ce9b6cf/unigram.txt None
[2021-12-27 04:42:28,039] {python.py:118} INFO - Done. Returned value was: None
[2021-12-27 04:42:28,082] {taskinstance.py:1166} INFO - Marking task as SUCCESS. dag_id=data_transform, task_id=connect_minio, execution_date=20211226T000000, start_date=20211227T044227, end_date=20211227T044228
[2021-12-27 04:42:28,135] {taskinstance.py:1220} INFO - 1 downstream tasks scheduled from follow-on schedule check
[2021-12-27 04:42:28,174] {local_task_job.py:146} INFO - Task exited with return code 0
