[2021-12-27 09:13:32,646] {taskinstance.py:851} INFO - Dependencies all met for <TaskInstance: data_transform.connect_mongo_postgress 2021-12-27T09:13:29.498603+00:00 [queued]>
[2021-12-27 09:13:32,662] {taskinstance.py:851} INFO - Dependencies all met for <TaskInstance: data_transform.connect_mongo_postgress 2021-12-27T09:13:29.498603+00:00 [queued]>
[2021-12-27 09:13:32,663] {taskinstance.py:1042} INFO - 
--------------------------------------------------------------------------------
[2021-12-27 09:13:32,664] {taskinstance.py:1043} INFO - Starting attempt 1 of 1
[2021-12-27 09:13:32,664] {taskinstance.py:1044} INFO - 
--------------------------------------------------------------------------------
[2021-12-27 09:13:32,683] {taskinstance.py:1063} INFO - Executing <Task(PythonOperator): connect_mongo_postgress> on 2021-12-27T09:13:29.498603+00:00
[2021-12-27 09:13:32,689] {standard_task_runner.py:52} INFO - Started process 149 to run task
[2021-12-27 09:13:32,696] {standard_task_runner.py:76} INFO - Running: ['airflow', 'tasks', 'run', 'data_transform', 'connect_mongo_postgress', '2021-12-27T09:13:29.498603+00:00', '--job-id', '44', '--pool', 'default_pool', '--raw', '--subdir', 'DAGS_FOLDER/data_transform.py', '--cfg-path', '/tmp/tmpds2bvm2b', '--error-file', '/tmp/tmpjvt35h8e']
[2021-12-27 09:13:32,697] {standard_task_runner.py:77} INFO - Job 44: Subtask connect_mongo_postgress
[2021-12-27 09:13:32,755] {logging_mixin.py:104} INFO - Running <TaskInstance: data_transform.connect_mongo_postgress 2021-12-27T09:13:29.498603+00:00 [running]> on host 5bb2b5ffa55c
[2021-12-27 09:13:32,803] {taskinstance.py:1257} INFO - Exporting the following env vars:
AIRFLOW_CTX_DAG_OWNER=airflow
AIRFLOW_CTX_DAG_ID=data_transform
AIRFLOW_CTX_TASK_ID=connect_mongo_postgress
AIRFLOW_CTX_EXECUTION_DATE=2021-12-27T09:13:29.498603+00:00
AIRFLOW_CTX_DAG_RUN_ID=manual__2021-12-27T09:13:29.498603+00:00
[2021-12-27 09:13:35,598] {python.py:118} INFO - Done. Returned value was: Mongo Postgress Done
[2021-12-27 09:13:35,650] {taskinstance.py:1166} INFO - Marking task as SUCCESS. dag_id=data_transform, task_id=connect_mongo_postgress, execution_date=20211227T091329, start_date=20211227T091332, end_date=20211227T091335
[2021-12-27 09:13:35,715] {taskinstance.py:1220} INFO - 1 downstream tasks scheduled from follow-on schedule check
[2021-12-27 09:13:35,752] {local_task_job.py:146} INFO - Task exited with return code 0
