[2021-12-27 05:02:28,110] {taskinstance.py:851} INFO - Dependencies all met for <TaskInstance: data_transform.connect_mongo_postgress 2021-12-27T05:02:14.122084+00:00 [queued]>
[2021-12-27 05:02:28,206] {taskinstance.py:851} INFO - Dependencies all met for <TaskInstance: data_transform.connect_mongo_postgress 2021-12-27T05:02:14.122084+00:00 [queued]>
[2021-12-27 05:02:28,209] {taskinstance.py:1042} INFO - 
--------------------------------------------------------------------------------
[2021-12-27 05:02:28,211] {taskinstance.py:1043} INFO - Starting attempt 1 of 1
[2021-12-27 05:02:28,212] {taskinstance.py:1044} INFO - 
--------------------------------------------------------------------------------
[2021-12-27 05:02:28,323] {taskinstance.py:1063} INFO - Executing <Task(PythonOperator): connect_mongo_postgress> on 2021-12-27T05:02:14.122084+00:00
[2021-12-27 05:02:28,351] {standard_task_runner.py:52} INFO - Started process 87 to run task
[2021-12-27 05:02:28,403] {standard_task_runner.py:76} INFO - Running: ['airflow', 'tasks', 'run', 'data_transform', 'connect_mongo_postgress', '2021-12-27T05:02:14.122084+00:00', '--job-id', '12', '--pool', 'default_pool', '--raw', '--subdir', 'DAGS_FOLDER/data_transform.py', '--cfg-path', '/tmp/tmpfdf2pn4u', '--error-file', '/tmp/tmphxgslsu0']
[2021-12-27 05:02:28,425] {standard_task_runner.py:77} INFO - Job 12: Subtask connect_mongo_postgress
[2021-12-27 05:02:28,680] {logging_mixin.py:104} INFO - Running <TaskInstance: data_transform.connect_mongo_postgress 2021-12-27T05:02:14.122084+00:00 [running]> on host 5bb2b5ffa55c
[2021-12-27 05:02:28,837] {taskinstance.py:1257} INFO - Exporting the following env vars:
AIRFLOW_CTX_DAG_OWNER=airflow
AIRFLOW_CTX_DAG_ID=data_transform
AIRFLOW_CTX_TASK_ID=connect_mongo_postgress
AIRFLOW_CTX_EXECUTION_DATE=2021-12-27T05:02:14.122084+00:00
AIRFLOW_CTX_DAG_RUN_ID=manual__2021-12-27T05:02:14.122084+00:00
[2021-12-27 05:02:31,688] {python.py:118} INFO - Done. Returned value was: Mongo Postgress Done
[2021-12-27 05:02:31,810] {taskinstance.py:1166} INFO - Marking task as SUCCESS. dag_id=data_transform, task_id=connect_mongo_postgress, execution_date=20211227T050214, start_date=20211227T050228, end_date=20211227T050231
[2021-12-27 05:02:31,917] {taskinstance.py:1220} INFO - 1 downstream tasks scheduled from follow-on schedule check
[2021-12-27 05:02:31,970] {local_task_job.py:146} INFO - Task exited with return code 0
