[2021-12-27 04:40:58,417] {taskinstance.py:851} INFO - Dependencies all met for <TaskInstance: data_transform.connect_mongo_postgress 2021-12-27T04:40:54.157597+00:00 [queued]>
[2021-12-27 04:40:58,430] {taskinstance.py:851} INFO - Dependencies all met for <TaskInstance: data_transform.connect_mongo_postgress 2021-12-27T04:40:54.157597+00:00 [queued]>
[2021-12-27 04:40:58,431] {taskinstance.py:1042} INFO - 
--------------------------------------------------------------------------------
[2021-12-27 04:40:58,431] {taskinstance.py:1043} INFO - Starting attempt 1 of 1
[2021-12-27 04:40:58,432] {taskinstance.py:1044} INFO - 
--------------------------------------------------------------------------------
[2021-12-27 04:40:58,447] {taskinstance.py:1063} INFO - Executing <Task(PythonOperator): connect_mongo_postgress> on 2021-12-27T04:40:54.157597+00:00
[2021-12-27 04:40:58,453] {standard_task_runner.py:52} INFO - Started process 59 to run task
[2021-12-27 04:40:58,457] {standard_task_runner.py:76} INFO - Running: ['airflow', 'tasks', 'run', 'data_transform', 'connect_mongo_postgress', '2021-12-27T04:40:54.157597+00:00', '--job-id', '6', '--pool', 'default_pool', '--raw', '--subdir', 'DAGS_FOLDER/data_transform.py', '--cfg-path', '/tmp/tmpnnb0ude_', '--error-file', '/tmp/tmphz4wq_pb']
[2021-12-27 04:40:58,458] {standard_task_runner.py:77} INFO - Job 6: Subtask connect_mongo_postgress
[2021-12-27 04:40:58,508] {logging_mixin.py:104} INFO - Running <TaskInstance: data_transform.connect_mongo_postgress 2021-12-27T04:40:54.157597+00:00 [running]> on host 5bb2b5ffa55c
[2021-12-27 04:40:58,559] {taskinstance.py:1257} INFO - Exporting the following env vars:
AIRFLOW_CTX_DAG_OWNER=airflow
AIRFLOW_CTX_DAG_ID=data_transform
AIRFLOW_CTX_TASK_ID=connect_mongo_postgress
AIRFLOW_CTX_EXECUTION_DATE=2021-12-27T04:40:54.157597+00:00
AIRFLOW_CTX_DAG_RUN_ID=manual__2021-12-27T04:40:54.157597+00:00
[2021-12-27 04:40:59,278] {python.py:118} INFO - Done. Returned value was: Mongo Postgress Done
[2021-12-27 04:40:59,328] {taskinstance.py:1166} INFO - Marking task as SUCCESS. dag_id=data_transform, task_id=connect_mongo_postgress, execution_date=20211227T044054, start_date=20211227T044058, end_date=20211227T044059
[2021-12-27 04:40:59,377] {taskinstance.py:1220} INFO - 1 downstream tasks scheduled from follow-on schedule check
[2021-12-27 04:40:59,398] {local_task_job.py:146} INFO - Task exited with return code 0
